epoch,first_out_loss,first_out_root_mean_squared_error,last_out_loss,last_out_root_mean_squared_error,loss,val_first_out_loss,val_first_out_root_mean_squared_error,val_last_out_loss,val_last_out_root_mean_squared_error,val_loss
0,4048266.8,2012.0485,551827.94,742.8587,4600178.507282209,3367758.25,1835.1453857421875,540052.6875,734.8826904296875,3907811.399016204
1,3203496.8,1789.847,524602.0,724.30096,3728163.2300358163,3074862.25,1753.528076171875,543586.5,737.2830810546875,3618448.2418981483
2,3078373.2,1754.5225,513921.62,716.8844,3592271.678411707,3203575.75,1789.8531494140625,546393.75,739.184326171875,3749969.2866030093
3,3050735.5,1746.6504,504991.66,710.63617,3555789.8874070835,3018267.0,1737.3155517578125,541285.6875,735.7210693359375,3559551.559027778
4,2927009.8,1710.8628,499552.5,706.79706,3426611.3890387486,3044438.5,1744.831787109375,570937.9375,755.604248046875,3615375.9599247687
5,2869700.2,1694.0273,482701.0,694.77,3352433.336106896,3096678.25,1759.73828125,540869.875,735.438720703125,3637548.623842593
6,2829648.5,1682.1438,479764.78,692.6289,3309343.4735895344,3250308.75,1802.8607177734375,619210.4375,786.8992919921875,3869518.7356770835
7,2804397.2,1674.6459,477342.97,690.9076,3281791.5352857583,3100987.25,1760.9620361328125,542704.125,736.6846313476562,3643691.7641782407
8,2767523.2,1663.5979,464951.47,681.8762,3232509.693922973,3014209.5,1736.148193359375,586616.4375,765.9087524414062,3600826.3602430555
9,2726459.8,1651.2086,460376.4,678.5125,3186869.3184286505,3037011.25,1742.70263671875,580678.0625,762.0224609375,3617689.9055266203
10,2725614.2,1650.9144,456109.9,675.355,3181625.7365914118,3248081.25,1802.2432861328125,575174.5,758.4027099609375,3823254.4892939813
11,2693346.8,1641.1187,451844.53,672.1908,3145111.004435235,3258029.75,1805.0013427734375,603616.125,776.9274291992188,3861645.9265046297
12,2692191.2,1640.8059,448088.7,669.4026,3140346.263693125,3718544.25,1928.35302734375,576418.875,759.2225341796875,4294964.24681713
13,2697762.5,1642.4944,443066.94,665.63635,3140860.232886005,3106573.75,1762.547607421875,553426.3125,743.9262084960938,3660000.2119502313
14,2651109.2,1628.2024,445229.56,667.2556,3096273.597936868,3092659.75,1758.595947265625,566518.6875,752.6743774414062,3659178.3747106483
15,2639830.8,1624.6625,442250.6,665.0066,3081764.3405726743,3097276.25,1759.9085693359375,576622.5625,759.3565673828125,3673899.419849537
16,2644535.8,1626.2015,440068.1,663.3745,3084596.93842595,3807195.25,1951.203369140625,545974.75,738.9011840820312,4353168.868634259
17,2595231.8,1610.9698,437829.75,661.69366,3033064.9762532474,3424728.0,1850.6021728515625,618693.9375,786.5709838867188,4043422.184027778
18,2575881.5,1604.9705,435271.2,659.75684,3011210.4373046826,3027115.0,1739.860107421875,552238.25,743.12744140625,3579352.171296296
19,2570849.2,1603.3987,434404.75,659.0973,3005299.8616621443,3170917.25,1780.7071533203125,570532.5625,755.3360595703125,3741450.3791956017
20,2566927.0,1602.1688,429157.7,655.10455,2996108.4438305385,3083811.25,1756.078125,554470.9375,744.6280517578125,3638281.62890625
21,2541254.2,1594.1444,430591.88,656.1983,2971890.7689658944,3291512.0,1814.25244140625,642309.625,801.4420166015625,3933821.9774305555
22,2525777.0,1589.2357,426227.16,652.86115,2951896.4665227374,3086959.5,1756.974365234375,562511.4375,750.0076293945312,3649470.415653935
23,2501731.0,1581.6725,423938.97,651.10925,2925630.6971308417,3360244.5,1833.09716796875,707837.4375,841.3309936523438,4068083.314091435
24,2511991.8,1584.9309,427694.78,653.9906,2939713.0826265463,3108305.25,1763.0389404296875,570809.5625,755.5194091796875,3679115.079861111
25,2493071.5,1578.9581,423664.12,650.90137,2916779.531202577,3133246.0,1770.09814453125,570017.0,754.9946899414062,3703263.569878472
26,2492147.2,1578.6625,420521.5,648.48303,2912706.51113551,3232713.5,1797.9747314453125,593206.5625,770.1990966796875,3825919.825376157
27,2541157.5,1594.1133,423026.25,650.40875,2964227.8866081303,3246845.75,1801.9005126953125,603596.9375,776.9150390625,3850442.7256944445
28,2467013.2,1570.686,417835.28,646.4017,2884889.8859008076,3154569.75,1776.1107177734375,583394.625,763.8026123046875,3737964.3603877313
29,2438947.5,1561.7279,422373.38,649.91034,2861377.1606619256,3268135.0,1807.7982177734375,610735.25,781.4955444335938,3878870.382957176
30,2463350.0,1569.52,418635.78,647.0261,2882035.754991448,3146076.25,1773.7183837890625,571001.25,755.6463012695312,3717078.0390625
31,2446182.8,1564.0398,420240.34,648.2664,2866467.5581748825,3131495.75,1769.6033935546875,563249.4375,750.49951171875,3694745.3408564813
32,2434873.8,1560.4065,414999.5,644.2061,2849869.4882793413,3747732.5,1935.9063720703125,564783.6875,751.520751953125,4312516.4296875
33,2448887.5,1564.9052,415735.88,644.78015,2864668.496931988,3277599.0,1810.4140625,578814.875,760.798828125,3856414.142650463
34,2432233.5,1559.5756,414115.75,643.5236,2846398.9948815554,3335719.5,1826.39501953125,600766.875,775.0914306640625,3936485.354311343
35,2438684.2,1561.6459,416574.34,645.43286,2855319.5533144497,3196243.5,1787.8038330078125,563623.9375,750.7489013671875,3759867.8350694445
36,2431561.2,1559.3533,411334.0,641.3577,2842922.105876566,3231368.0,1797.6004638671875,562234.6875,749.8231201171875,3793602.273582176
37,2417211.0,1554.7294,411594.34,641.56323,2828786.8522949405,3123819.0,1767.4329833984375,624912.9375,790.5144653320312,3748732.5823206017
38,2400002.2,1549.1968,412694.22,642.4075,2812697.9031932405,3256819.25,1804.666015625,563935.5625,750.9564208984375,3820754.0649594907
39,2383575.0,1543.9004,413682.6,643.1894,2797324.1539552202,3128438.25,1768.7391357421875,612050.5,782.3367309570312,3740488.8245081017
40,2393176.0,1546.9956,407725.62,638.5404,2800932.79552747,3043238.0,1744.4879150390625,568652.25,754.0903930664062,3611890.141782407
41,2387767.8,1545.2524,409933.12,640.2671,2797749.2996299416,3595534.25,1896.1893310546875,601792.8125,775.7530517578125,4197326.8359375
42,2380481.2,1542.8707,408642.2,639.2397,2789080.475963084,3244187.0,1801.1624755859375,609342.6875,780.6039428710938,3853528.908275463
43,2376575.5,1541.6215,408668.34,639.2792,2785274.015763651,3278872.25,1810.7657470703125,575225.3125,758.4360961914062,3854097.5405092593
44,2384593.8,1544.2241,406559.03,637.6276,2791197.937580378,3131721.5,1769.667236328125,591374.3125,769.0086669921875,3723096.339988426
45,2375097.5,1541.1469,407065.1,638.0218,2782206.1008031326,3272495.0,1809.0037841796875,588135.5,766.8997802734375,3860630.8491030093
46,2369829.5,1539.4271,403239.0,635.0167,2773080.32346511,3851404.75,1962.4998779296875,588077.25,766.86181640625,4439482.402922453
47,2417161.2,1554.7039,405535.3,636.8179,2822641.0335568367,3195958.0,1787.724853515625,628426.8125,792.7337646484375,3824385.937934028
48,2338721.2,1529.2958,404376.97,635.9095,2743127.5991867394,3133809.75,1770.257080078125,573285.375,757.156005859375,3707095.0477430555
49,2336421.2,1528.5483,401761.12,633.85223,2738227.1082975385,3457145.75,1859.3402099609375,616432.9375,785.13232421875,4073578.341869213
50,2350065.5,1533.0043,404687.84,636.158,2754799.0201554825,3425084.75,1850.6988525390625,614931.1875,784.1756591796875,4040016.238425926
51,2322752.8,1524.072,400896.97,633.1721,2723703.6718697753,3251397.25,1803.163818359375,584310.75,764.4020385742188,3835708.8072916665
52,2319863.5,1523.0935,403682.6,635.3635,2723501.533149322,3319339.75,1821.905517578125,600256.75,774.762451171875,3919596.1125578703
53,2335715.2,1528.3086,404191.9,635.76434,2739922.7584026726,3020570.75,1737.9788818359375,579744.0625,761.4093627929688,3600316.333622685
54,2347007.8,1531.9948,402548.7,634.4612,2749549.527327574,3310754.25,1819.54736328125,579244.3125,761.0811157226562,3889997.776186343
55,2286354.0,1512.0502,398803.0,631.50574,2685097.6985487025,3415038.75,1847.9822998046875,601463.125,775.54052734375,4016500.846498843
56,2339220.8,1529.4631,402613.5,634.52435,2741877.951029958,3297905.0,1816.0135498046875,570841.5625,755.54052734375,3868747.472800926
57,2369259.0,1539.2524,398846.1,631.5506,2768153.873730034,3148665.0,1774.44775390625,566355.3125,752.5657958984375,3715019.6846064813
58,2291293.2,1513.7178,397688.97,630.6302,2689036.228519895,3227535.0,1796.5343017578125,581949.4375,762.8560791015625,3809485.271701389
59,2285680.5,1511.8246,395294.44,628.72754,2680910.838089007,3125550.75,1767.9229736328125,687395.5,829.0928955078125,3812945.322048611
60,2292259.5,1514.0212,400058.4,632.50604,2692323.7742973394,3242073.0,1800.5755615234375,650539.875,806.5604858398438,3892611.481047454
61,2286415.5,1512.1046,396706.38,629.8532,2683173.7341760653,3158320.0,1777.166015625,563446.75,750.6309814453125,3721766.5572916665
62,2290187.0,1513.3475,396669.28,629.8239,2686896.091181936,3475031.75,1864.1439208984375,636730.9375,797.9542236328125,4111763.1219618055
63,2303354.8,1517.6328,393242.0,627.0548,2696406.009928239,3264407.5,1806.76708984375,649446.5625,805.8824462890625,3913854.122251157
64,2277527.2,1509.1555,393583.78,627.3627,2671134.647687376,3265433.25,1807.051513671875,582397.625,763.1497802734375,3847832.066550926
65,2274051.2,1508.004,394090.66,627.7696,2668169.1543474626,3129788.5,1769.1202392578125,594297.6875,770.9070434570312,3724085.1374421297
66,2290796.0,1513.4562,393448.5,627.25946,2684003.4910282544,3160296.25,1777.72216796875,587352.5,766.3892211914062,3747648.146556713
67,2276366.2,1508.775,393110.53,626.98944,2669516.7309103245,3313993.0,1820.4376220703125,583171.625,763.6565551757812,3897165.064091435
68,2253568.8,1501.2008,395102.4,628.5785,2648715.552525946,3233812.25,1798.2801513671875,580369.4375,761.8198852539062,3814180.755787037
69,2281362.5,1510.4287,393821.47,627.55927,2675226.312117403,3286867.75,1812.97216796875,576988.625,759.59765625,3863856.871672454
70,2275946.8,1508.6187,387396.12,622.4155,2663328.558538591,3300716.25,1816.78759765625,579389.3125,761.1764526367188,3880107.203703704
71,2261735.0,1503.9054,389254.06,623.9008,2650982.7398338434,3190894.75,1786.3077392578125,588594.1875,767.1990966796875,3779489.4026331017
72,2252516.2,1500.8489,396798.56,629.92615,2649355.480166028,3090518.25,1757.9869384765625,624231.75,790.08349609375,3714749.8272569445
73,2231490.8,1493.8156,388978.38,623.68677,2620471.4522910826,3271335.5,1808.6834716796875,612864.3125,782.8566284179688,3884199.495515046
74,2230850.8,1493.6162,389559.38,624.15076,2620454.58235487,3271854.5,1808.8272705078125,616293.5,785.0435791015625,3888149.308738426
75,2236973.0,1495.6683,395240.56,628.6892,2632272.176658672,3262764.5,1806.3123779296875,669669.9375,818.3336181640625,3932435.267216435
76,2223228.5,1491.0605,387432.75,622.4467,2610700.6856834665,3094140.25,1759.016845703125,560694.6875,748.7954711914062,3654834.704716435
77,2233098.5,1494.3566,388201.78,623.0607,2621306.4337560125,3336745.5,1826.6763916015625,612673.0625,782.7342529296875,3949418.1715856483
78,2232032.8,1494.003,388307.12,623.14984,2620360.6978799608,3208620.75,1791.261962890625,576303.875,759.1469116210938,3784924.439670139
79,2224251.5,1491.4047,385664.2,621.0251,2609960.8696918646,3298276.25,1816.11572265625,682802.375,826.3187255859375,3981078.166811343
80,2214806.8,1488.231,389538.3,624.13464,2604376.3237174954,3361546.75,1833.452880859375,578803.5,760.7914428710938,3940350.6399016203
81,2225638.0,1491.8647,386884.6,622.00385,2612548.7305759536,3228379.25,1796.76904296875,571119.5,755.7245483398438,3799497.4819155093
82,2227018.2,1492.3298,384095.56,619.76086,2611151.8743601944,3225176.5,1795.8773193359375,604345.4375,777.3966064453125,3829521.476128472
83,2199809.2,1483.1888,383819.66,619.53925,2583678.921792613,3329990.75,1824.8265380859375,626863.4375,791.7470703125,3956855.1811342593
84,2207186.2,1485.6661,386052.78,621.3373,2593264.6226963787,3366439.75,1834.7861328125,675711.6875,822.0167846679688,4042152.253761574
85,2223193.2,1491.0475,383183.1,619.02203,2606411.5648213048,3479865.75,1865.43994140625,583757.9375,764.0406494140625,4063623.166377315
86,2228512.5,1492.8193,382600.38,618.55255,2611115.7579710446,3256522.75,1804.583740234375,584059.0625,764.2374267578125,3840581.9020543983
87,2195704.8,1481.7662,380589.38,616.91547,2576216.5459807995,3195941.25,1787.719482421875,643401.3125,802.1231689453125,3839342.632378472
88,2173239.2,1474.2026,381198.34,617.4205,2554481.5217421358,3375377.5,1837.2203369140625,576602.625,759.3434448242188,3951980.766782407
89,2191802.0,1480.4816,388339.78,623.1747,2580171.768898377,3389830.5,1841.1494140625,579108.5625,760.9920654296875,3968939.881655093
90,2188723.2,1479.4385,377775.75,614.6348,2566513.554268532,3297054.0,1815.779052734375,589282.5625,767.6477661132812,3886336.370515046
91,2166501.5,1471.8492,377715.6,614.5844,2544054.4159395173,3491910.75,1868.665283203125,579410.5,761.1900634765625,4071320.343315972
92,2174588.8,1474.6578,378819.5,615.4829,2553435.6377719976,3331039.5,1825.113525390625,611305.8125,781.8605346679688,3942345.364438657
93,2175232.2,1474.853,381079.53,617.3199,2556275.384111603,3338993.25,1827.2913818359375,622798.25,789.175537109375,3961791.981626157
94,2207448.0,1485.7557,376296.12,613.43555,2583774.742007253,3714955.75,1927.4219970703125,585519.4375,765.1924438476562,4300475.580439814
95,2181763.8,1477.0852,377715.94,614.59247,2559503.5588797936,3558462.5,1886.38818359375,603419.5625,776.8006591796875,4161881.6359953703
96,2180085.5,1476.4678,380068.8,616.50195,2560033.095230555,3270497.25,1808.4515380859375,606972.5,779.08447265625,3877468.3663194445
97,2194939.2,1481.5422,378116.53,614.9128,2573085.4191096094,3310071.75,1819.3604736328125,585416.4375,765.1250610351562,3895488.8110532407
98,2199006.0,1482.907,376516.1,613.6137,2575532.727508745,3225745.25,1796.035888671875,633431.3125,795.8839721679688,3859175.9794560187
99,2179541.5,1476.3403,376599.66,613.6833,2556189.3288761284,3213601.5,1792.652099609375,611698.25,782.1112670898438,3825299.785300926
