epoch,first_out_loss,first_out_root_mean_squared_error,last_out_loss,last_out_root_mean_squared_error,loss,val_first_out_loss,val_first_out_root_mean_squared_error,val_last_out_loss,val_last_out_root_mean_squared_error,val_loss
0,4100742.8,2025.0458,623844.8,789.84625,4724669.643051198,3722626.25,1929.4107666015625,639722.9375,799.826904296875,4362349.232928241
1,3449986.0,1857.43,590146.06,768.216,4040200.3523704954,3171885.0,1780.9783935546875,628815.4375,792.9788818359375,3800700.461082176
2,3376363.0,1837.4827,574522.9,757.9679,3950859.00466833,3426475.25,1851.0743408203125,639910.8125,799.9441528320312,4066387.0341435187
3,3321880.0,1822.6172,561245.7,749.1719,3883191.887702873,3174552.0,1781.727294921875,624164.3125,790.0406494140625,3798716.178530093
4,3259785.0,1805.4978,555271.6,745.1729,3815110.2551682787,3214872.5,1793.0068359375,650841.5625,806.7473754882812,3865714.611255787
5,3181473.0,1783.6711,542185.7,736.3356,3723674.190636333,3305386.75,1818.0721435546875,616611.5,785.2462768554688,3921998.2552083335
6,3159426.8,1777.4675,534327.4,730.96326,3693701.1446394585,3501137.25,1871.132568359375,695045.9375,833.694091796875,4196183.41478588
7,3113110.8,1764.4105,530947.9,728.66943,3644103.07393773,3112819.75,1764.3189697265625,636370.5,797.728515625,3749191.204861111
8,3106934.2,1762.6608,522977.72,723.1733,3629955.555425165,3260090.25,1805.572021484375,680628.0625,825.001708984375,3940718.3752893517
9,3065997.8,1751.0115,514771.72,717.48175,3580820.4002401684,3220137.0,1794.4739990234375,689160.4375,830.1565551757812,3909296.8405671297
10,3038345.8,1743.0634,513680.5,716.7128,3551948.16212962,3224649.0,1795.73095703125,661401.9375,813.2660522460938,3886050.898292824
11,3004704.2,1733.3995,504975.4,710.61273,3509644.1689890428,3120702.5,1766.5511474609375,689234.5,830.2013549804688,3809937.599826389
12,2974723.2,1724.7544,504294.62,710.146,3479086.3745354176,3530949.25,1879.081787109375,684381.9375,827.2736206054688,4215330.521122686
13,3002514.8,1732.7896,498735.56,706.21423,3501298.906956519,3430516.75,1852.1651611328125,684235.4375,827.1852416992188,4114752.0850694445
14,2962840.2,1721.251,494900.4,703.4919,3457606.9287211606,3189379.25,1785.8834228515625,663324.8125,814.447509765625,3852704.175347222
15,2919571.5,1708.5602,492982.53,702.1155,3412144.292838036,3438479.5,1854.3135986328125,668108.5,817.3787841796875,4106587.359375
16,2933980.5,1712.89,491419.7,701.0146,3425412.6398135885,3837844.5,1959.0419921875,674092.875,821.0317993164062,4511937.567563658
17,2899944.8,1702.9183,485802.28,696.99994,3385743.1328464597,3201696.25,1789.3287353515625,754680.0,868.7233276367188,3956377.6487268517
18,2883330.2,1698.0516,486319.44,697.3725,3369707.622053358,3366334.75,1834.7576904296875,656918.0,810.5048217773438,4023253.0577256945
19,2855301.8,1689.7726,481322.2,693.77765,3336659.891718537,3183553.0,1784.25146484375,691183.125,831.3740844726562,3874735.922309028
20,2862863.2,1691.9958,480899.88,693.47296,3343754.84301133,3267761.25,1807.6947021484375,648179.5,805.0958251953125,3915939.718315972
21,2835144.0,1683.8069,476845.53,690.5414,3312047.909921648,3409353.25,1846.4434814453125,801211.4375,895.1041259765625,4210563.762152778
22,2816462.5,1678.175,477071.4,690.70557,3293344.794149798,3224599.75,1795.717041015625,645592.3125,803.4874877929688,3870191.4467592593
23,2812055.2,1676.9,472892.03,687.6712,3284883.8310358743,3385153.25,1839.8779296875,798312.8125,893.483642578125,4183464.749421296
24,2816240.5,1678.1688,476559.78,690.3409,3292820.6897650403,3381350.75,1838.84521484375,694383.3125,833.296630859375,4075734.4833622687
25,2790319.5,1670.4338,468388.72,684.395,3258746.618997402,3218981.0,1794.1522216796875,719721.1875,848.36376953125,3938701.338107639
26,2748644.0,1657.9121,465295.62,682.1338,3213980.1181888035,3239395.25,1799.832275390625,737113.6875,858.5533447265625,3976510.7109375
27,2780294.2,1667.4312,466806.56,683.23706,3247140.9038643935,3352142.0,1830.8861083984375,686220.25,828.3842163085938,4038362.612702546
28,2759550.0,1661.1956,462916.47,680.3836,3222490.292363808,3205393.0,1790.361083984375,714696.9375,845.3975830078125,3920089.312644676
29,2722172.2,1649.9146,463014.8,680.4598,3185241.60048966,3280785.0,1811.293212890625,709357.75,842.2339477539062,3990141.76953125
30,2732767.0,1653.1246,463775.34,681.0165,3196601.2829154236,3093567.75,1758.8543701171875,682150.5625,825.924072265625,3775719.227719907
31,2709499.8,1646.066,463735.1,680.9887,3173281.053884327,3303490.75,1817.550537109375,686910.375,828.800537109375,3990399.920138889
32,2706889.8,1645.2673,458477.47,677.11334,3165387.1997109624,3582650.75,1892.7891845703125,742709.3125,861.805908203125,4325359.603732639
33,2703871.8,1644.3586,457111.94,676.10443,3161032.226648705,3503216.5,1871.68798828125,822191.25,906.74755859375,4325407.234085648
34,2677193.5,1636.2281,458173.16,676.8895,3135424.697248193,3447062.25,1856.6270751953125,753531.25,868.0616455078125,4200594.073350694
35,2691203.8,1640.5052,456125.12,675.37726,3147388.5110374494,3302860.75,1817.376953125,696377.0625,834.4920654296875,3999237.058738426
36,2666933.5,1633.0885,454587.6,674.2341,3121568.459467997,3337410.75,1826.8582763671875,720177.0625,848.6324462890625,4057587.550347222
37,2682445.5,1637.8132,455385.75,674.83014,3137829.2491447823,3374909.0,1837.0927734375,742486.125,861.6762084960938,4117395.396267361
38,2678589.8,1636.6412,457128.0,676.10815,3135717.105874958,3251809.75,1803.277587890625,725990.125,852.0505981445312,3977800.0455729165
39,2659152.5,1630.7086,448129.78,669.4327,3107351.0697018313,3252919.75,1803.5853271484375,740342.6875,860.431640625,3993262.5963541665
40,2642926.0,1625.7147,448132.53,669.43445,3091091.933752797,3354969.5,1831.6573486328125,684778.25,827.5133056640625,4039747.7436342593
41,2637113.8,1623.9344,449854.53,670.71893,3087025.375988644,3737235.5,1933.19287109375,751031.9375,866.6209716796875,4488268.228443287
42,2620668.8,1618.8315,455755.12,675.0773,3076344.5200751047,3464730.75,1861.37841796875,688430.8125,829.71728515625,4153161.2975983797
43,2637381.0,1624.0087,446544.06,668.2468,3083957.6591524347,3714378.0,1927.2725830078125,686677.75,828.6603393554688,4401057.012297453
44,2632114.2,1622.3904,446131.72,667.9387,3078294.523142313,3159357.0,1777.4580078125,703714.5625,838.876953125,3863071.972077546
45,2627762.0,1621.0513,445177.9,667.22375,3072996.545522647,3590369.75,1894.8271484375,709569.0625,842.3592529296875,4299938.590422453
46,2599814.2,1612.4006,442918.12,665.5252,3042759.9422704093,3405668.25,1845.4459228515625,716009.625,846.1734008789062,4121679.0907118055
47,2618590.0,1618.1821,439535.47,662.9771,3058055.0777990688,3588077.25,1894.22216796875,702096.875,837.9122924804688,4290174.47193287
48,2614273.8,1616.8801,442962.6,665.55695,3057268.7621555016,3487484.5,1867.4803466796875,705300.375,839.821533203125,4192783.864438657
49,2572113.8,1603.7966,440243.25,663.51434,3012411.56759192,3861109.0,1964.9705810546875,724516.9375,851.1856079101562,4585626.557581019
50,2596824.5,1611.4807,441044.97,664.11914,3037925.804756424,3829484.75,1956.906982421875,700125.5625,836.7350463867188,4529611.016927083
51,2617685.5,1617.9447,439190.66,662.7218,3056945.5206007743,3626884.25,1904.438232421875,703145.0625,838.5374145507812,4330029.913917824
52,2568896.2,1602.77,436013.34,660.31165,3004883.082911083,3542776.0,1882.226318359375,746320.875,863.8987426757812,4289097.232060186
53,2578615.2,1605.8131,438387.6,662.113,3017028.1119370353,3468517.75,1862.3961181640625,694295.125,833.2437133789062,4162813.691840278
54,2568236.2,1602.5603,437352.53,661.32983,3005555.5709701898,3391334.0,1841.557861328125,759138.4375,871.2852783203125,4150473.2747395835
55,2573586.0,1604.2325,437461.12,661.3962,3011009.013094312,3688980.75,1920.6717529296875,721300.9375,849.2943115234375,4410281.512586806
56,2520754.5,1587.7,436599.16,660.76385,2957399.9843938886,3654903.0,1911.77978515625,852899.3125,923.5255126953125,4507801.419849537
57,2595897.2,1611.1951,451011.94,671.58246,3046974.5197937833,3414393.75,1847.807861328125,731111.3125,855.0504150390625,4145505.564670139
58,2555937.2,1598.7473,434266.53,658.99347,2990262.3469273257,3901192.5,1975.1439208984375,709974.9375,842.6004028320312,4611168.099681713
59,2529550.5,1590.4357,431513.47,656.90076,2961003.116190617,3562785.75,1887.533935546875,824755.625,908.1605224609375,4387540.902054398
60,2534818.2,1592.1139,432117.53,657.36237,2966950.170473617,3703910.75,1924.5550537109375,734749.625,857.1754760742188,4438661.266203703
61,2569868.8,1603.0956,428007.72,654.22974,2997931.1881301603,3806001.75,1950.8980712890625,741398.4375,861.0449829101562,4547401.076822917
62,2509711.2,1584.216,431317.88,656.75555,2941066.1353920177,3912090.75,1977.9005126953125,784958.5625,885.9788208007812,4697049.222800926
63,2511699.5,1584.8136,426332.44,652.9137,2937930.145268011,3483517.75,1866.41845703125,733596.125,856.5025634765625,4217113.475405092
64,2524667.5,1588.9247,427007.75,653.4536,2951681.1911780783,3684169.5,1919.4188232421875,717543.125,847.0792236328125,4401711.983940972
65,2532336.5,1591.338,422546.62,650.0395,2954909.4297098047,3480129.25,1865.510498046875,695699.625,834.0858764648438,4175827.951533565
66,2530811.8,1590.7523,428131.12,654.321,2958630.236874341,3497659.75,1870.2027587890625,721971.125,849.688720703125,4219630.175491898
67,2488814.2,1577.6072,422899.2,650.3086,2911746.8051800136,3563428.75,1887.704345703125,713405.6875,844.6336669921875,4276833.916666667
68,2489993.2,1577.9816,426521.28,653.0926,2916556.36347707,3484542.5,1866.693115234375,708271.4375,841.588623046875,4192814.1416377313
69,2522143.2,1588.1404,427964.8,654.197,2950163.740896435,3731299.0,1931.656982421875,704918.6875,839.5944213867188,4436217.242621528
70,2480566.2,1574.9843,420330.7,648.3344,2900912.248013066,3567092.25,1888.6749267578125,725984.6875,852.04736328125,4293076.671296297
71,2467875.0,1570.9481,422172.16,649.7384,2890039.285142686,3901681.5,1975.267333984375,712878.0,844.3208618164062,4614558.972366898
72,2478599.0,1574.3661,422683.4,650.1471,2901319.8078236324,3617309.25,1901.92236328125,712095.25,843.8572998046875,4329404.955729167
73,2474690.0,1573.1074,418842.94,647.18677,2893519.574707747,3820218.75,1954.5377197265625,733949.4375,856.7084350585938,4554167.255208333
74,2478943.0,1574.4813,422477.78,649.9846,2901471.523856066,3912867.5,1978.09716796875,725650.6875,851.8513793945312,4638518.578559028
75,2446631.2,1564.1874,421549.6,649.27655,2868241.140479115,3590521.75,1894.8670654296875,785157.1875,886.0911865234375,4375678.785590278
76,2504894.8,1582.6986,419725.72,647.8682,2924669.367373775,3650977.5,1910.7532958984375,742009.75,861.39990234375,4392986.962528936
77,2456868.2,1567.445,417168.66,645.886,2874052.2012220607,3938235.0,1984.49853515625,748114.125,864.9359741210938,4686349.360387731
78,2471301.2,1572.0466,419257.12,647.5075,2890595.0802039662,3583973.0,1893.138427734375,719103.625,847.9996948242188,4303077.050491898
79,2476578.5,1573.7297,415264.8,644.41675,2891896.6820262866,3867709.75,1966.6492919921875,788221.0625,887.818115234375,4655929.819733797
80,2470134.2,1571.6779,421329.03,649.1034,2891504.967463155,3704386.75,1924.6785888671875,708982.5625,842.0111083984375,4413370.915509259
81,2450561.0,1565.432,414046.25,643.46783,2864626.203053062,3826182.0,1956.06298828125,678426.3125,823.6664428710938,4504608.383825231
82,2439374.2,1561.8583,416966.84,645.7353,2856371.6519184522,3644569.75,1909.0758056640625,699627.875,836.4376220703125,4344197.844184028
83,2453339.5,1566.3286,411177.5,641.2378,2864572.4521126444,3956845.25,1989.181640625,828375.9375,910.1516723632812,4785221.635271991
84,2447666.0,1564.5107,410531.8,640.73425,2858232.171426895,3674322.25,1916.8525390625,812144.6875,901.1907958984375,4486467.36255787
85,2436683.0,1560.9955,414867.03,644.10547,2851577.4200339513,4236659.0,2058.314453125,703769.0625,838.909423828125,4940427.362991898
86,2445558.2,1563.8341,411785.94,641.70953,2857366.69776904,3863619.25,1965.6092529296875,702833.625,838.3515625,4566452.825954861
87,2408869.8,1552.0262,410179.75,640.4518,2818964.336404293,3479892.75,1865.4468994140625,734255.4375,856.8870849609375,4214148.08203125
88,2415263.8,1554.124,409146.47,639.65295,2824458.403026055,3935150.5,1983.721435546875,689926.3125,830.6177368164062,4625076.138888889
89,2434889.5,1560.4182,405511.97,636.80334,2840424.4688842306,3708864.25,1925.8416748046875,705616.0,840.009521484375,4414480.927517361
90,2417402.8,1554.8043,405542.9,636.81964,2822958.192499486,3858766.25,1964.3748779296875,719128.0625,848.0140991210938,4577895.475549769
91,2407056.8,1551.3883,408172.3,638.8713,2814962.696425127,3985097.25,1996.2703857421875,753640.9375,868.1249389648438,4738737.674334491
92,2456971.5,1567.4849,411209.6,641.25604,2868217.7757385094,3603112.25,1898.1865234375,712809.0625,844.2803955078125,4315921.371961806
93,2382534.5,1543.5369,407597.38,638.435,2790108.138004289,3642889.25,1908.63525390625,724199.1875,850.9988403320312,4367088.027633102
94,2420865.5,1555.9197,407534.06,638.3889,2828426.481845116,3480308.75,1865.5587158203125,725849.625,851.9682006835938,4206158.314091436
95,2415491.2,1554.197,410614.3,640.786,2826135.6970094717,3731974.75,1931.8323974609375,724621.3125,851.2467651367188,4456596.15234375
96,2402896.5,1550.0847,402482.5,634.4193,2805252.043956088,3631502.25,1905.650146484375,685948.9375,828.2202758789062,4317451.251591436
97,2387188.8,1545.063,408864.44,639.427,2796085.174872682,3787827.5,1946.234130859375,711193.3125,843.32275390625,4499021.010271991
98,2388017.8,1545.3313,403150.62,634.94696,2791206.387408691,3842169.5,1960.1453857421875,720844.6875,849.0258178710938,4563014.286313658
99,2384128.8,1544.0778,402726.9,634.6142,2786911.7474415815,3637403.5,1907.1973876953125,711242.25,843.3517456054688,4348645.222077547
