epoch,first_out_loss,first_out_root_mean_squared_error,last_out_loss,last_out_root_mean_squared_error,loss,second_out_loss,second_out_root_mean_squared_error,val_first_out_loss,val_first_out_root_mean_squared_error,val_last_out_loss,val_last_out_root_mean_squared_error,val_loss,val_second_out_loss,val_second_out_root_mean_squared_error
0,7832509.5,2798.688,548134.25,740.36847,9184294.234127035,803469.94,896.37415,5665753.5,2380.284423828125,542423.875,736.4942016601562,7060197.896122686,852021.6875,923.0501708984375
1,4960544.5,2227.2463,531885.2,729.3104,6277140.464357365,784605.4,885.786,5405540.5,2324.982177734375,541230.5625,735.6837768554688,6776694.956741898,829923.0625,911.0011596679688
2,4805312.5,2192.0999,530681.3,728.4819,6116253.4918866865,780301.44,883.3285,5669709.0,2381.11572265625,545283.5625,738.4330444335938,7058685.440972222,843691.125,918.52685546875
3,4813381.5,2193.9578,530099.44,728.08813,6123409.961312663,779825.44,883.0877,5431415.0,2330.539794921875,554297.625,744.5115966796875,6815183.839699074,829471.9375,910.75341796875
4,4760969.0,2181.9812,528461.9,726.9601,6067227.168882945,777698.1,881.88043,5607782.5,2368.074951171875,548661.0625,740.716552734375,6991749.061631944,835306.8125,913.9511108398438
5,4769598.0,2183.9504,527093.7,726.01746,6072027.237343746,775280.2,880.5044,5520157.0,2349.50146484375,543844.3125,737.4580078125,6886711.002025463,822710.375,907.03369140625
6,4749175.5,2179.2434,528563.0,727.0074,6053315.713695054,775690.2,880.7231,5805217.0,2409.4013671875,546785.25,739.4492797851562,7177831.874710648,825830.5625,908.7523803710938
7,4745826.0,2178.5046,526701.9,725.7504,6047206.615245377,774590.4,880.1187,5616047.0,2369.81982421875,559208.4375,747.8024291992188,7009943.512152778,834688.0,913.612548828125
8,4756069.0,2180.8533,527628.9,726.38525,6058003.4230899075,774240.56,879.9134,5385288.5,2320.623046875,552768.875,743.484130859375,6765266.632233797,827206.75,909.5089721679688
9,4752180.0,2179.9646,526551.06,725.64276,6052211.381584532,773395.1,879.43604,5439575.5,2332.28955078125,560561.75,748.7066040039062,6835853.851273148,835718.3125,914.1761474609375
10,4736884.0,2176.4053,523882.94,723.794,6032083.289774043,771467.8,878.3304,5467880.5,2338.349853515625,542676.75,736.6661376953125,6832155.61009838,821597.0625,906.4200439453125
11,4728414.5,2174.4202,526386.2,725.509,6025697.608910016,771268.8,878.19666,5376825.5,2318.7978515625,547449.5,739.8983764648438,6741378.556423611,817104.0,903.9379272460938
12,4713753.0,2171.1377,525322.44,724.8003,6010540.712854304,771340.9,878.27026,5541728.5,2354.087646484375,546238.0,739.0789794921875,6912743.365885417,824776.4375,908.171875
13,4742350.5,2177.669,526392.0,725.5331,6040006.450820173,771395.94,878.27405,5396521.5,2323.041259765625,551575.25,742.68115234375,6779679.61400463,831582.9375,911.9114379882812
14,4728042.5,2174.3618,525077.94,724.62115,6022675.092196302,769751.75,877.3586,5396377.0,2323.009765625,563789.0625,750.8589477539062,6794167.054398148,834000.8125,913.2366333007812
15,4721971.5,2172.9124,525817.7,725.11584,6018038.253446591,770702.0,877.8909,5786166.5,2405.44482421875,562706.375,750.1377563476562,7182372.436053241,833500.125,912.962158203125
16,4720990.5,2172.7932,525567.1,724.96,6016469.448728749,769895.3,877.4263,5587296.0,2363.74609375,556487.75,745.9810180664062,6964460.984085648,820677.5,905.9125366210938
17,4713048.0,2170.9226,525606.4,724.993,6008324.317758301,769791.6,877.3858,5357671.0,2314.66455078125,557535.6875,746.6832885742188,6742184.427662037,826976.6875,909.3827514648438
18,4686572.5,2164.8691,523969.1,723.86475,5978905.174049616,768258.06,876.50977,5613299.5,2369.240234375,545937.6875,738.8759765625,6984430.660590278,825194.0625,908.4019165039062
19,4701546.0,2168.3215,524944.3,724.53546,5995932.925814707,769346.2,877.1309,5384073.0,2320.360595703125,568351.625,753.8910522460938,6778586.148003472,826162.3125,908.9346313476562
20,4702419.0,2168.5146,524428.75,724.1795,5995040.175676458,768150.3,876.4416,5482388.5,2341.449951171875,547656.125,740.0379638671875,6852100.234230324,822056.75,906.673583984375
21,4704805.5,2169.0745,525367.06,724.8264,5998729.457673165,768463.6,876.62494,5512437.5,2347.8583984375,563967.375,750.977783203125,6900671.869791667,824266.9375,907.8916625976562
22,4694474.5,2166.6064,524458.75,724.1977,5985521.513210859,766872.2,875.7161,5384662.5,2320.487548828125,546773.4375,739.4412841796875,6744917.09693287,813480.4375,901.9315185546875
23,4707078.5,2169.5532,525378.5,724.8353,6000209.403037308,767859.94,876.2775,5433267.5,2330.937255859375,550790.25,742.1524047851562,6798023.764467592,813965.625,902.200439453125
24,4695351.0,2166.8774,523207.84,723.33966,5985631.125620515,767030.56,875.81244,5457099.5,2336.04296875,546564.3125,739.2999267578125,6821134.865162037,817472.8125,904.1421508789062
25,4690592.0,2165.7957,525410.9,724.86,5983471.620257722,767370.94,876.0042,5439595.5,2332.2939453125,549376.75,741.199462890625,6814221.764467592,825250.875,908.43310546875
26,4683533.0,2164.161,524233.1,724.0475,5974870.167873402,767016.4,875.80444,5434187.5,2331.134765625,554437.25,744.6054077148438,6816235.002314814,827608.5625,909.7298583984375
27,4693567.5,2166.48,524590.94,724.2928,5985312.8324706135,767070.0,875.83234,5460134.5,2336.6923828125,559365.6875,747.9074096679688,6834474.729311342,814977.125,902.7608642578125
28,4688300.0,2165.2678,523882.25,723.7996,5978346.783784305,766064.44,875.2612,5338234.0,2310.462158203125,547440.3125,739.89208984375,6701725.946180556,816051.3125,903.35546875
29,4683640.5,2164.182,524807.7,724.445,5975144.111065743,766618.6,875.579,5431256.5,2330.505615234375,551876.75,742.884033203125,6800465.378038194,817332.875,904.064453125
30,4683723.0,2164.2065,524465.75,724.2073,5974723.078905065,766435.94,875.4732,5411033.0,2326.16259765625,549634.5,741.3733520507812,6771177.901331019,810510.4375,900.2833862304688
31,4694131.0,2166.607,523821.56,723.7634,5983837.129886957,765802.94,875.10974,5388153.0,2321.23974609375,553307.25,743.8462524414062,6764187.550491898,822725.75,907.0424194335938
32,4673726.0,2161.8804,523812.28,723.7535,5963655.202326449,766103.1,875.2766,5531929.5,2352.005859375,558908.5,747.6018676757812,6903475.955150463,812636.75,901.4635620117188
33,4682543.5,2163.931,523448.88,723.50336,5972657.444690579,766585.9,875.55817,5487438.0,2342.52783203125,549289.9375,741.14111328125,6849696.883680556,812968.9375,901.6478271484375
34,4683240.0,2164.0989,524454.3,724.19916,5973404.590212583,765602.75,874.9958,5406911.5,2325.277587890625,555596.375,745.3834838867188,6776463.74291088,813953.625,902.193603515625
35,4672754.5,2161.6748,523003.06,723.1981,5960939.6690163715,765070.75,874.69275,5461084.5,2336.896240234375,546199.0625,739.0529174804688,6818273.858072917,810989.3125,900.549560546875
36,4682099.0,2163.8298,524265.3,724.0673,5972234.140172073,765787.1,875.10034,5407171.5,2325.332763671875,557246.875,746.4898071289062,6779684.077546297,815263.625,902.919677734375
37,4689556.0,2165.533,523063.38,723.2398,5977564.028820186,764943.44,874.6209,5415633.0,2327.15087890625,568176.6875,753.7749633789062,6806200.132523148,822391.5,906.858154296875
38,4684355.0,2164.3445,524752.9,724.3915,5974746.755105584,765605.9,874.9941,5400654.0,2323.93017578125,556243.9375,745.8176879882812,6773942.099247686,817045.5625,903.9058227539062
39,4670491.0,2161.1562,522624.72,722.93726,5957853.649716106,764595.8,874.42285,5387208.5,2321.035888671875,548470.375,740.5880126953125,6747275.228298611,811595.5625,900.8862915039062
40,4677596.0,2162.7908,523945.1,723.84906,5966866.529524294,765231.06,874.7842,5412802.5,2326.54345703125,547554.0625,739.9688110351562,6774455.443865741,814098.3125,902.2738647460938
41,4672735.0,2161.6648,524658.5,724.3413,5962519.435863513,765039.0,874.6739,5618567.0,2370.3515625,553921.6875,744.2591552734375,6992006.227864583,819519.3125,905.273193359375
42,4670700.0,2161.1785,523358.38,723.4238,5958818.627617094,764786.0,874.51843,5393693.5,2322.4326171875,544666.0,738.0150146484375,6750211.292390047,811851.625,901.0282592773438
43,4672208.0,2161.5437,523159.9,723.30597,5960106.48600144,764649.2,874.45026,5360770.5,2315.3330078125,544271.0625,737.7472534179688,6714867.698206019,809829.125,899.9049682617188
44,4672352.0,2161.5806,523702.97,723.6826,5960068.544689936,763906.2,874.0272,5401683.5,2324.1513671875,552866.0625,743.5494384765625,6776743.721209491,822196.9375,906.7508544921875
45,4668159.0,2160.6106,523680.84,723.665,5956649.475086165,764702.8,874.482,5387428.0,2321.08349609375,555911.9375,745.5949096679688,6758781.390046297,815441.75,903.0180053710938
46,4668537.5,2160.6853,523557.75,723.58026,5956817.271939864,764676.56,874.4653,5412970.0,2326.578857421875,555500.9375,745.3193969726562,6779468.892361111,810998.5625,900.5546875
47,4683662.5,2164.0237,523183.66,723.3181,5969847.476883408,763665.4,873.87537,5459113.0,2336.47509765625,548504.8125,740.611083984375,6823107.16087963,815486.875,903.043212890625
48,4670331.5,2161.1,523728.1,723.6968,5959451.368841469,765357.56,874.84906,5380513.0,2319.59375,559422.6875,747.9456787109375,6747885.720486111,807948.4375,898.859619140625
49,4664429.0,2159.749,522993.78,723.1909,5951142.927041269,763609.9,873.8555,5442139.5,2332.83984375,549298.0625,741.146728515625,6806461.885706019,815022.75,902.7861328125
50,4673171.0,2161.7742,523258.5,723.3745,5961235.050711824,764686.8,874.4729,5461741.5,2337.036376953125,550900.0,742.2264404296875,6825727.214988426,813085.625,901.7127685546875
51,4662796.5,2159.3574,522766.88,723.0351,5949551.430274055,763932.2,874.04175,5489795.0,2343.031982421875,544316.0,737.7777099609375,6842525.20775463,808411.5625,899.1171264648438
52,4660998.5,2158.9143,522732.75,723.0077,5947262.3211213,763606.06,873.8474,5413402.5,2326.671875,552227.4375,743.1200561523438,6782498.756655092,816870.0625,903.8085327148438
53,4670267.5,2161.083,523595.9,723.60474,5958046.856231835,764156.8,874.16534,5353510.5,2313.765625,550088.4375,741.6795043945312,6718933.133680556,815334.75,902.9590454101562
54,4666209.0,2160.1348,523001.97,723.1877,5953299.591487371,764106.1,874.13574,5464921.5,2337.717041015625,559805.6875,748.20166015625,6838972.113570602,814245.3125,902.3553466796875
55,4659398.0,2158.5613,521405.25,722.0832,5943952.746637002,763189.9,873.59375,5343053.0,2311.5048828125,543534.5,737.2479858398438,6696207.291521991,809618.875,899.7882690429688
56,4668930.5,2160.7878,523932.9,723.84015,5957205.399085946,764240.3,874.21857,5433844.0,2331.0615234375,557106.3125,746.3956298828125,6806815.87962963,815863.125,903.2513427734375
57,4660523.0,2158.8486,521404.66,722.0924,5945433.3395920675,763367.6,873.7198,5332457.0,2309.21142578125,544533.625,737.9251098632812,6683695.956452547,806706.3125,898.1683349609375
58,4652367.5,2156.9575,523358.66,723.4425,5938851.312352105,763002.2,873.50586,5443500.5,2333.130859375,549093.8125,741.0086669921875,6802919.523726852,810325.25,900.1808471679688
59,4661565.5,2158.9768,523260.28,723.37317,5948117.246003627,763655.75,873.8805,5409120.5,2325.751708984375,559189.875,747.7899169921875,6774976.823929398,806666.9375,898.1463623046875
60,4656616.5,2157.9258,523602.75,723.60736,5944076.824092055,763812.7,873.9699,5567300.0,2359.513427734375,551626.875,742.7157592773438,6929194.012008102,810265.4375,900.147705078125
61,4653920.0,2157.315,522857.75,723.09735,5940051.563551338,763152.3,873.59546,5435400.5,2331.394775390625,553384.0625,743.8978271484375,6798216.786168981,809429.5,899.6828002929688
62,4665738.5,2160.0286,522213.47,722.6509,5949925.428381967,761980.7,872.91437,5389730.0,2321.57958984375,558482.375,747.3168334960938,6755177.530381944,806965.0625,898.3121948242188
63,4662859.5,2159.1003,523963.34,723.78925,5949601.371138661,764024.4,874.0791,5471997.0,2339.23095703125,556434.0625,745.945068359375,6839094.122106481,810659.5,900.3663940429688
64,4654468.0,2157.4353,523210.06,723.3336,5940592.7069738805,762843.8,873.41565,5434015.5,2331.09716796875,549527.625,741.30126953125,6788446.455873842,804904.0,897.1644287109375
65,4656520.0,2157.9143,522688.28,722.9778,5942382.162488104,763080.94,873.5498,5322676.0,2307.092529296875,559629.25,748.083740234375,6687015.561197917,804711.0625,897.0570068359375
66,4655615.5,2157.5847,520970.3,721.78906,5939475.48538414,763312.75,873.68286,5351944.5,2313.426513671875,544404.125,737.83740234375,6702722.888165509,806375.75,897.9842529296875
67,4662841.5,2159.3818,523805.88,723.7485,5949182.458727719,762443.6,873.17993,5398488.5,2323.465087890625,554381.75,744.5682373046875,6764148.586805556,811278.6875,900.7102661132812
68,4659847.5,2158.6895,523662.0,723.6535,5947423.087433126,763793.06,873.96234,5356253.0,2314.3583984375,551371.75,742.5440063476562,6712694.682436342,805067.9375,897.2556762695312
69,4655124.5,2157.5837,523331.22,723.42487,5941564.711764384,763030.8,873.5252,5388038.5,2321.215087890625,554084.5625,744.3685302734375,6752113.037615741,809988.9375,899.9940795898438
70,4651067.5,2156.6355,523338.06,723.4251,5937594.419635279,763160.06,873.598,5464580.0,2337.644287109375,552313.5625,743.1780395507812,6824452.473234953,807560.4375,898.6435546875
71,4655433.5,2157.6367,523058.53,723.1459,5941215.000215412,762935.25,873.4315,5388152.5,2321.23876953125,547156.75,739.7003784179688,6740194.128327547,804888.0625,897.1555786132812
72,4662358.0,2159.2664,523203.53,723.3364,5948474.978915352,762813.2,873.40063,5434845.0,2331.275146484375,547229.9375,739.7499389648438,6788639.13744213,806566.4375,898.09033203125
73,4641592.5,2154.4165,523510.75,723.54767,5928060.797699272,763019.2,873.51843,5433209.0,2330.92431640625,551984.5625,742.9569091796875,6798911.197627314,813717.625,902.0629272460938
74,4648225.5,2155.9922,522918.8,723.13495,5934148.268155688,762904.4,873.45264,5424393.0,2329.033447265625,551574.25,742.680419921875,6786358.6640625,810390.0,900.2164306640625
75,4644786.0,2155.1995,523052.66,723.23285,5930434.533957921,762465.8,873.2038,5381565.0,2319.8203125,561178.625,749.1185913085938,6775590.23755787,832845.75,912.6039428710938
76,4659247.0,2158.5452,523119.56,723.27747,5946062.133886546,763598.4,873.8502,5389191.5,2321.462890625,554569.0625,744.69384765625,6751960.62890625,808200.3125,898.9996337890625
77,4651280.5,2156.6758,523676.75,723.65753,5937242.456224762,762301.2,873.1052,5704545.0,2388.4189453125,566423.9375,752.6113891601562,7084972.615740741,814003.875,902.221435546875
78,4649690.0,2156.318,523278.2,723.3883,5935787.666198334,762779.3,873.38074,5373232.5,2318.023193359375,553955.75,744.2818603515625,6739143.08275463,811955.0625,901.085693359375
79,4653899.0,2157.3118,523404.3,723.4746,5940483.288946154,763057.8,873.5406,5416803.0,2327.402587890625,559041.5,747.6907958984375,6786972.664351852,811129.1875,900.6268920898438
80,4651009.5,2156.6355,521566.03,722.202,5934983.509455618,762315.3,873.1137,5371816.5,2317.71826171875,545529.1875,738.5994262695312,6723211.916087963,805864.5,897.699462890625
81,4639940.0,2154.0684,522654.2,722.9527,5924370.92062553,761689.2,872.75507,5370911.0,2317.522216796875,553151.0625,743.7410888671875,6728931.227575231,804869.1875,897.1448364257812
82,4649884.5,2156.3652,522845.1,723.0882,5934665.285568687,761885.75,872.86707,5424918.5,2329.145263671875,548340.3125,740.5001831054688,6784470.33130787,811211.6875,900.6729125976562
83,4645655.5,2155.383,522961.47,723.16907,5932110.735998225,763442.4,873.7618,5419017.5,2327.87890625,545296.6875,738.44189453125,6781263.191840278,816948.75,903.8518676757812
84,4653066.0,2157.1077,523490.22,723.535,5939249.014070899,762614.5,873.28723,5388614.5,2321.33837890625,549876.25,741.5362548828125,6758273.251157408,819784.9375,905.4197387695312
85,4650890.5,2156.5989,521657.62,722.26465,5933796.181318964,761195.94,872.4716,5419785.5,2328.04345703125,542588.75,736.6062622070312,6767541.651041667,805167.5625,897.3113403320312
86,4650590.5,2156.5112,523193.28,723.3288,5936056.772663263,762301.44,873.1024,5495487.0,2344.245361328125,549818.9375,741.4977416992188,6850293.738859953,804988.0625,897.211181640625
87,4646738.5,2155.5286,523630.1,723.62354,5932998.785745518,763091.5,873.5362,5432798.0,2330.83642578125,553956.25,744.282470703125,6793717.540219908,806961.625,898.3103637695312
88,4646940.0,2155.6963,522839.4,723.0848,5932329.712727307,762436.6,873.1863,5489341.0,2342.934814453125,553792.75,744.1724853515625,6855472.449652778,812337.25,901.2977294921875
89,4644723.5,2155.1802,522650.4,722.952,5930047.139008205,762568.25,873.25916,5368745.0,2317.05517578125,556968.125,746.3028564453125,6734633.230902778,808920.125,899.399658203125
90,4644532.0,2155.1287,523006.75,723.1956,5929739.697452352,762135.4,873.0098,5424227.0,2328.997314453125,549262.0625,741.1224365234375,6785391.686631944,811901.1875,901.0556030273438
91,4654284.5,2157.351,523187.72,723.3194,5940220.314912935,763015.6,873.42615,5397294.0,2323.20751953125,555196.9375,745.1153564453125,6764274.700231481,811784.6875,900.990966796875
92,4645828.0,2155.4326,522686.66,722.9737,5931339.426129787,762752.7,873.3619,5668042.0,2380.7646484375,547483.9375,739.921630859375,7024061.413773148,808536.75,899.186767578125
93,4654638.5,2157.4448,523085.38,723.25214,5939605.099719643,761937.7,872.89545,5564178.0,2358.850341796875,560827.3125,748.884033203125,6944386.66724537,819382.5,905.1976928710938
94,4644305.5,2155.0808,522827.34,723.07465,5929382.187905103,762152.94,873.0223,5447020.5,2333.8857421875,554381.75,744.5681762695312,6807349.614872686,805946.25,897.7451171875
95,4651316.0,2156.7102,523197.28,723.3317,5936865.323905579,762246.9,873.0751,5606234.0,2367.7490234375,548345.6875,740.5037841796875,6966400.188946759,811820.375,901.0106201171875
96,4649594.0,2156.2397,522059.6,722.54407,5933278.3662083,761826.3,872.8322,5474479.0,2339.760009765625,550678.5625,742.077392578125,6840300.843171297,815143.75,902.8530883789062
97,4645775.5,2155.4238,521820.47,722.37354,5928668.314768256,760995.7,872.3516,5383181.0,2320.16845703125,544804.625,738.10888671875,6733513.143663194,805527.0625,897.51171875
98,4648063.5,2155.9421,523507.9,723.5446,5933944.010265824,762331.0,873.11945,5444306.0,2333.303466796875,555882.1875,745.574951171875,6805959.978877314,805772.375,897.6483764648438
99,4650720.0,2156.574,522139.25,722.6004,5934627.863374187,761648.2,872.73334,5372281.5,2317.81787109375,547532.875,739.9547119140625,6724244.888888889,804431.6875,896.9009399414062
