epoch,first_out_loss,first_out_root_mean_squared_error,last_out_loss,last_out_root_mean_squared_error,loss,val_first_out_loss,val_first_out_root_mean_squared_error,val_last_out_loss,val_last_out_root_mean_squared_error,val_loss
0,77134800.0,8782.68,720467.3,848.80347,77855897.39777258,78131424.0,8839.197265625,726858.5,852.5601806640625,78858270.3888889
1,77072600.0,8779.0,720407.7,848.77814,77791334.2073613,78067088.0,8835.5595703125,726821.875,852.5383911132812,78793932.2962963
2,77007010.0,8775.356,720348.5,848.74225,77727232.59672317,78003080.0,8831.935546875,726758.9375,852.5015869140625,78729827.17592593
3,76943496.0,8771.722,720292.9,848.7104,77663402.92816173,77938992.0,8828.3046875,726715.6875,852.47607421875,78665706.77777778
4,76878140.0,8768.08,720251.25,848.6843,77599441.06412202,77875088.0,8824.6865234375,726677.0625,852.4535522460938,78601741.14814815
5,76809110.0,8764.14,720206.9,848.65955,77530397.49365981,77774200.0,8818.9677734375,726627.9375,852.4246826171875,78500813.69444445
6,76711880.0,8758.511,720161.5,848.634,77431620.96473674,77702416.0,8814.8974609375,726595.75,852.4058837890625,78429026.5925926
7,76641864.0,8754.572,720139.3,848.6175,77362635.49587181,77632400.0,8810.9248046875,726555.1875,852.3819580078125,78358950.12037037
8,76567970.0,8750.376,720131.3,848.615,77289159.94917564,77562760.0,8806.9716796875,726566.9375,852.3890380859375,78289319.24074075
9,76501496.0,8746.525,720118.6,848.6047,77221805.65302606,77493192.0,8803.021484375,726552.9375,852.3805541992188,78219745.47222222
10,76430000.0,8742.457,720091.44,848.5897,77150649.29828443,77423536.0,8799.0625,726592.0,852.4036865234375,78150120.71296297
11,76373870.0,8738.557,720049.6,848.566,77082393.46310347,77354024.0,8795.1123046875,726468.375,852.3314819335938,78080488.03703703
12,76291064.0,8734.48,720048.5,848.5578,77011137.87659147,77284624.0,8791.1669921875,726458.0,852.3253173828125,78011069.76851852
13,76221160.0,8730.479,720024.3,848.55145,76941337.98091514,77215024.0,8787.2080078125,726416.5,852.3008422851562,77941443.25
14,76155176.0,8726.725,719952.06,848.50494,76875695.08413282,77145720.0,8783.2646484375,726399.1875,852.2906494140625,77872097.57407407
15,76090090.0,8723.013,719923.2,848.49066,76810871.8779804,77076696.0,8779.333984375,726369.75,852.2732543945312,77803071.44444445
16,76021670.0,8718.959,719920.1,848.4883,76740264.83170864,77007488.0,8775.390625,726323.0625,852.245849609375,77733799.02777778
17,75946160.0,8714.706,719872.3,848.45465,76666112.8683351,76938104.0,8771.439453125,726287.0625,852.2246704101562,77664409.71296297
18,75882160.0,8711.04,719810.1,848.4251,76602045.81475861,76869168.0,8767.505859375,726245.5625,852.2006225585938,77595395.06481482
19,75809750.0,8706.906,719831.06,848.4351,76530086.09192623,76799944.0,8763.55859375,726235.5625,852.194580078125,77526181.66666667
20,75743704.0,8703.068,719782.5,848.40704,76463160.43108104,76731000.0,8759.625,726220.6875,852.186279296875,77457234.0462963
21,75674540.0,8699.095,719767.2,848.39343,76394015.9839502,76661968.0,8755.6845703125,726180.75,852.1621704101562,77388174.91666667
22,75607870.0,8695.257,719789.9,848.4103,76327262.43411611,76593160.0,8751.75390625,726164.75,852.1529541015625,77319341.69444445
23,75537670.0,8691.268,719747.3,848.3843,76257904.02633813,76524296.0,8747.81640625,726174.25,852.1585693359375,77250474.1111111
24,75469200.0,8687.2705,719711.1,848.3628,76188357.2237969,76455640.0,8743.8916015625,726146.75,852.1425170898438,77181767.7962963
25,75396904.0,8683.189,719757.75,848.3858,76117573.32421102,76387040.0,8739.96484375,726411.875,852.2979125976562,77113421.43518518
26,75330850.0,8679.376,720011.2,848.5357,76051585.38306026,76318216.0,8736.03125,726368.25,852.2723999023438,77044597.35185185
27,75267896.0,8675.715,719713.5,848.35876,75987793.56115127,76249800.0,8732.11328125,726191.75,852.1689453125,76975992.35185185
28,75190140.0,8671.223,719647.5,848.33093,75909717.78842048,76181160.0,8728.1796875,726056.9375,852.0897827148438,76907202.56481482
29,75121370.0,8667.281,719587.56,848.28644,75841397.84881298,76112616.0,8724.255859375,726039.4375,852.0795288085938,76838672.12962963
30,75062020.0,8663.796,719588.06,848.29175,75780867.7541089,76044296.0,8720.337890625,725987.6875,852.0491333007812,76770295.47222222
31,74991750.0,8659.804,719626.9,848.3166,75711882.25797988,75975920.0,8716.4169921875,726149.25,852.143798828125,76702055.8611111
32,74929530.0,8656.217,719584.75,848.2928,75649770.91499268,75907656.0,8712.5,725956.0,852.0306396484375,76633621.5
33,74859880.0,8652.226,719708.6,848.3666,75580668.77131614,75839272.0,8708.57421875,726338.375,852.255126953125,76565605.01851852
34,74786790.0,8647.956,719750.4,848.3913,75506907.91995679,75771064.0,8704.6591796875,726273.125,852.2164306640625,76497361.85185185
35,74721450.0,8644.204,719728.56,848.3751,75442031.39813267,75703104.0,8700.7548828125,726103.3125,852.116943359375,76429207.80555555
36,74647340.0,8639.898,719577.44,848.2874,75367420.18992259,75634880.0,8696.830078125,726107.5625,852.1193237304688,76360978.83333333
37,74578420.0,8635.898,719443.25,848.1924,75298152.25371023,75566584.0,8692.904296875,726012.0,852.0632934570312,76292603.5925926
38,74526350.0,8632.892,719490.2,848.2282,75246313.39098229,75498848.0,8689.0087890625,725886.875,851.9899291992188,76224736.83333333
39,74460120.0,8629.023,719512.56,848.22943,75179541.32812057,75430904.0,8685.0966796875,725883.125,851.9877319335938,76156785.66666667
40,74378056.0,8624.148,719441.1,848.2058,75095381.37133157,75362888.0,8681.1796875,726079.1875,852.1029052734375,76088980.9537037
41,74306210.0,8620.092,719636.06,848.32056,75025673.21896139,75295056.0,8677.2724609375,726540.875,852.3737182617188,76021593.25925925
42,74249100.0,8616.79,719718.0,848.3523,74968729.04550014,75227384.0,8673.37109375,726050.125,852.0858154296875,75953422.32407407
43,74176340.0,8612.582,719967.5,848.50684,74896487.4847604,75159688.0,8669.4677734375,726014.25,852.0646362304688,75885692.89814815
44,74121680.0,8609.433,719651.9,848.33136,74841949.46320635,75092008.0,8665.5654296875,726034.6875,852.0767822265625,75818050.51851852
45,74046210.0,8604.956,719712.1,848.3118,74764899.07600504,75024424.0,8661.6640625,725961.25,852.0337524414062,75750391.57407407
46,73973960.0,8600.832,719525.3,848.25665,74693833.80961445,74956736.0,8657.7568359375,725768.25,851.9203491210938,75682535.33333333
47,73934070.0,8598.428,719315.3,848.12616,74652234.01363204,74889584.0,8653.8759765625,725775.5,851.9244995117188,75615347.42592593
48,73862260.0,8594.344,719444.56,848.20624,74582191.69330487,74822104.0,8649.9765625,726143.5,852.140625,75548232.87037037
49,73788520.0,8590.019,719279.06,848.0961,74507739.224157,74754688.0,8646.0791015625,725742.25,851.9049682617188,75480431.9537037
50,73725416.0,8586.321,719279.0,848.10333,74444222.70891741,74687256.0,8642.1787109375,725704.0,851.8826293945312,75412963.2962963
51,73647430.0,8581.837,719210.7,848.0717,74367152.58530311,74619960.0,8638.28515625,725683.125,851.8702392578125,75345653.50925925
52,73590890.0,8578.522,719233.06,848.0829,74310265.14118162,74552776.0,8634.3955078125,725658.9375,851.856201171875,75278430.02777778
53,73495660.0,8572.975,719474.56,848.22406,74215381.35569331,74485472.0,8630.498046875,725891.0625,851.9923095703125,75211373.83333333
54,73455496.0,8570.625,719590.3,848.29663,74175140.17449008,74418360.0,8626.6064453125,726082.75,852.10498046875,75144446.9537037
55,73378060.0,8566.104,719704.6,848.3606,74097848.62501608,74351408.0,8622.7255859375,726154.0625,852.1467895507812,75077561.75925925
56,73332456.0,8563.426,719773.4,848.4001,74052075.66923018,74284760.0,8618.861328125,726081.5625,852.1040649414062,75010842.0925926
57,73243576.0,8558.223,719664.75,848.33954,73962812.20504643,74217832.0,8614.9755859375,726033.625,852.075927734375,74943872.39814815
58,73215930.0,8556.662,719606.25,848.30304,73936072.8461123,74151080.0,8611.1005859375,725847.5625,851.9668579101562,74876910.32407407
59,73107864.0,8550.339,719616.4,848.3039,73827969.61372463,74084000.0,8607.205078125,725790.75,851.9334716796875,74809780.2037037
60,73056070.0,8547.321,719539.9,848.2654,73776208.7604105,74017272.0,8603.3291015625,726007.5625,852.0607299804688,74743282.69444445
61,72998344.0,8543.948,719648.4,848.3213,73718716.31214795,73950592.0,8599.4541015625,726034.8125,852.0768432617188,74676623.3888889
62,72927410.0,8539.757,719663.2,848.33386,73647135.49319685,73884040.0,8595.5830078125,726246.9375,852.201171875,74610294.16666667
63,72865200.0,8536.072,719370.06,848.1621,73583904.17325549,73817424.0,8591.7060546875,725719.5,851.891845703125,74543133.66666667
64,72778456.0,8531.011,719307.9,848.1178,73497421.22667764,73750896.0,8587.833984375,725677.5,851.8672485351562,74476567.07407407
65,72714370.0,8527.336,719212.0,848.0734,73434750.487101,73684536.0,8583.966796875,725679.3125,851.8682250976562,74410182.26851852
66,72670270.0,8524.694,719482.94,848.2295,73389911.87880346,73618320.0,8580.11328125,725978.875,852.0440063476562,74344304.78703703
67,72574320.0,8519.105,719557.25,848.2741,73294687.9796291,73551768.0,8576.232421875,725942.375,852.0223999023438,74277721.9537037
68,72532860.0,8516.588,719575.4,848.26654,73251834.61910029,73485728.0,8572.3798828125,726039.75,852.079833984375,74211763.03703703
69,72436130.0,8510.873,719274.6,848.1077,73154356.01821035,73419384.0,8568.51171875,725696.0,851.8779296875,74145076.35185185
70,72408456.0,8509.38,719188.44,848.0593,73128773.27307801,73353408.0,8564.6611328125,725741.25,851.9044189453125,74079161.80555555
71,72317256.0,8504.009,719250.25,848.0851,73037400.84580365,73287104.0,8560.7890625,725676.125,851.8662719726562,74012783.80555555
72,72242990.0,8499.5,719430.6,848.0146,72960577.88893747,73220944.0,8556.9248046875,725651.25,851.851318359375,73946602.02777778
73,72204950.0,8497.398,719416.6,848.18994,72925186.15159854,73155184.0,8553.0771484375,725823.5,851.9526977539062,73880979.77777778
74,72145490.0,8493.885,719334.56,848.1452,72865437.14694308,73089088.0,8549.216796875,725735.9375,851.9014282226562,73814829.6111111
75,72074936.0,8489.687,719291.4,848.10913,72794098.23421384,73023152.0,8545.3583984375,725750.5,851.9100952148438,73748915.49074075
76,72006050.0,8485.684,719242.75,848.0894,72726137.74078551,72957584.0,8541.5224609375,725671.125,851.8634643554688,73683247.2962963
77,71930050.0,8481.205,719201.3,848.0603,72649990.36611024,72891696.0,8537.6630859375,725615.875,851.8311157226562,73617316.18518518
78,71880110.0,8478.189,719098.0,848.00525,72598883.59577149,72826120.0,8533.8232421875,725895.9375,851.9953002929688,73552029.1388889
79,71793460.0,8473.1,719220.56,848.07837,72512623.1736413,72760176.0,8529.95703125,725815.875,851.9481201171875,73486011.0925926
80,71766900.0,8471.587,719282.06,848.1143,72487024.48643227,72694736.0,8526.1220703125,725492.5625,851.7584228515625,73420232.81481482
81,71685290.0,8466.733,719312.0,848.1299,72404920.23817486,72629240.0,8522.2802734375,725803.75,851.941162109375,73355056.2962963
82,71624610.0,8463.196,719187.25,848.05676,72344869.45626174,72563872.0,8518.4423828125,725486.25,851.7547607421875,73289325.41666667
83,71552270.0,8458.841,719311.6,848.13226,72271357.27914813,72498296.0,8514.59375,725785.0625,851.9301147460938,73224083.14814815
84,71482904.0,8454.777,719314.44,848.1294,72202575.61099823,72432888.0,8510.751953125,725742.3125,851.9049682617188,73158624.37962963
85,71424810.0,8451.304,719404.5,848.125,72143749.07307287,72367480.0,8506.9091796875,725455.9375,851.7368774414062,73092946.8888889
86,71337470.0,8446.132,719339.6,848.14746,72056537.1246174,72302200.0,8503.0703125,725833.875,851.9590454101562,73028034.73148148
87,71290860.0,8443.437,719347.2,848.154,72010956.99241236,72236872.0,8499.228515625,725902.8125,851.99951171875,72962790.41666667
88,71261336.0,8441.66,719290.9,848.1201,71980882.64615859,72172096.0,8495.4169921875,725527.3125,851.77880859375,72897622.80555555
89,71174950.0,8436.557,719046.56,847.9655,71894559.48969881,72106976.0,8491.583984375,725460.875,851.7399291992188,72832429.05555555
90,71117760.0,8433.117,719314.94,848.12866,71836860.0727385,72041928.0,8487.75,725718.9375,851.8914184570312,72767637.05555555
91,71033290.0,8428.17,719102.7,848.0085,71753180.6403457,71976704.0,8483.90625,725843.75,851.9649047851562,72702516.8888889
92,71007870.0,8426.583,719189.0,848.061,71726450.1815376,71912032.0,8480.0947265625,725717.9375,851.89111328125,72637727.0462963
93,70896750.0,8420.022,719247.75,848.0934,71616161.94799249,71846752.0,8476.2451171875,725670.375,851.8627319335938,72572419.52777778
94,70836930.0,8416.491,719207.44,848.06976,71556563.59618303,71782136.0,8472.4345703125,725771.4375,851.9221801757812,72507924.96296297
95,70799810.0,8414.2295,719221.0,848.0698,71518451.79155843,71717472.0,8468.615234375,725649.125,851.8507080078125,72443116.50925925
96,70693864.0,8408.026,719080.4,847.9953,71413976.35695362,71652632.0,8464.7890625,725387.625,851.6970825195312,72378039.64814815
97,70647110.0,8405.211,719220.94,848.07275,71366727.8588441,71588024.0,8460.970703125,725746.6875,851.9078979492188,72313750.00925925
98,70588110.0,8401.628,719399.75,848.1807,71306727.11705548,71523192.0,8457.1376953125,725740.75,851.9042358398438,72248931.53703703
99,70553864.0,8399.682,719426.0,848.1889,71274094.72661334,71458976.0,8453.3408203125,725584.3125,851.8123168945312,72184542.01851852
