epoch,first_out_loss,first_out_root_mean_squared_error,last_out_loss,last_out_root_mean_squared_error,loss,val_first_out_loss,val_first_out_root_mean_squared_error,val_last_out_loss,val_last_out_root_mean_squared_error,val_loss
0,77336280.0,8794.13,631550.7,794.7041,77968325.46546979,78321984.0,8849.970703125,596885.3125,772.5835571289062,78918866.08333333
1,77262750.0,8789.837,631510.0,794.6848,77892723.57128526,78249744.0,8845.8896484375,596856.5,772.5650634765625,78846599.62037037
2,77190340.0,8785.795,631478.9,794.66455,77821710.69389644,78179552.0,8841.9208984375,596824.125,772.5439453125,78776388.32407407
3,77111600.0,8781.297,631452.25,794.6494,77742607.22899252,78086136.0,8836.6376953125,596799.9375,772.5281982421875,78682936.78703703
4,77017430.0,8776.014,631434.1,794.6361,77649861.01658994,77996096.0,8831.541015625,596778.1875,772.5139770507812,78592872.85185185
5,76929200.0,8770.984,631386.06,794.6067,77561568.1251061,77907576.0,8826.5283203125,596748.375,772.494873046875,78504315.49074075
6,76832610.0,8765.399,631346.2,794.58093,77463491.53074925,77775664.0,8819.05078125,596697.6875,772.4620361328125,78372347.60185185
7,76697540.0,8757.749,631335.94,794.57196,77329508.40947555,77656592.0,8812.296875,596693.125,772.4592895507812,78253289.25925925
8,76575016.0,8750.7705,631314.6,794.56226,77207304.66627228,77541672.0,8805.775390625,596645.25,772.427978515625,78138316.68518518
9,76464090.0,8744.389,631316.9,794.5604,77095608.11811003,77428456.0,8799.341796875,596654.625,772.4342041015625,78025071.14814815
10,76349416.0,8737.849,631288.44,794.54443,76981260.78191312,77315248.0,8792.9091796875,596632.625,772.4200439453125,77911888.80555555
11,76249416.0,8731.421,631283.2,794.54034,76868956.18138327,77202488.0,8786.494140625,596609.875,772.4052734375,77799092.25
12,76125896.0,8725.015,631380.94,794.5999,76757329.51073845,77090096.0,8780.0947265625,596714.3125,772.4727172851562,77686804.25925925
13,76015480.0,8718.692,631361.2,794.5905,76647031.13896963,76977568.0,8773.6884765625,596616.25,772.4093627929688,77574193.62962963
14,75906330.0,8712.451,631305.1,794.5529,76538170.59728903,76865352.0,8767.287109375,596560.0625,772.3731079101562,77461886.37962963
15,75790970.0,8705.847,631231.25,794.50885,76423022.74358909,76753240.0,8760.892578125,596491.8125,772.3286743164062,77349706.87962963
16,75682870.0,8699.505,631213.9,794.49695,76312717.99346691,76641296.0,8754.5009765625,596521.875,772.3482666015625,77237811.30555555
17,75563200.0,8692.718,631166.9,794.4607,76194514.32248771,76529088.0,8748.0927734375,596609.25,772.40478515625,77125726.5462963
18,75458840.0,8686.708,631268.2,794.5312,76090144.37367216,76417616.0,8741.7177734375,596607.125,772.4033203125,77014244.76851852
19,75350940.0,8680.519,631168.25,794.46796,75982557.7125955,76306008.0,8735.3330078125,596440.125,772.2954711914062,76902480.3888889
20,75235680.0,8673.836,631245.8,794.51685,75866596.4528923,76194544.0,8728.94921875,596552.25,772.3677978515625,76791103.76851852
21,75128370.0,8667.645,631116.1,794.4312,75759206.3330847,76083328.0,8722.5771484375,596366.5625,772.247802734375,76679706.12037037
22,75017150.0,8661.216,631049.9,794.39246,75647751.61243859,75972512.0,8716.2197265625,596424.3125,772.2852783203125,76568916.71296297
23,74894250.0,8654.173,631119.06,794.43335,75525925.24694565,75861272.0,8709.837890625,596425.25,772.2857055664062,76457684.6388889
24,74700320.0,8642.906,631119.6,794.4355,75330964.86987834,75642168.0,8697.248046875,596439.75,772.2951049804688,76238597.9537037
25,74571704.0,8635.543,631246.4,794.5026,75203786.00056586,75525760.0,8690.556640625,596647.125,772.42919921875,76122416.64814815
26,74448810.0,8628.412,631201.2,794.48267,75080674.32125312,75409104.0,8683.84375,596472.75,772.31640625,76005615.3888889
27,74271256.0,8618.088,631194.56,794.48175,74902661.50384526,75146080.0,8668.6826171875,596573.0625,772.3816528320312,75742656.7962963
28,74068030.0,8606.274,631240.7,794.5167,74699238.97363615,75023752.0,8661.625,596540.5,772.3602905273438,75620274.03703703
29,73948410.0,8599.348,631246.75,794.51135,74580053.17163508,74902640.0,8654.6337890625,596512.6875,772.3421630859375,75499173.12962963
30,73825176.0,8592.118,631138.06,794.44666,74455647.47704417,74781560.0,8647.634765625,596528.6875,772.3528442382812,75378106.7962963
31,73710584.0,8585.5205,631174.44,794.47314,74342306.76251961,74660840.0,8640.6533203125,596470.25,772.3147583007812,75257333.52777778
32,73611144.0,8579.733,631260.2,794.5283,74243100.82810771,74540664.0,8633.693359375,596432.8125,772.2905883789062,75137104.50925925
33,73490090.0,8572.695,631088.06,794.42065,74122214.65315466,74420240.0,8626.716796875,596401.3125,772.2702026367188,75016636.52777778
34,73354910.0,8564.773,631155.94,794.4632,73986482.96890353,74300144.0,8619.751953125,596457.0625,772.3063354492188,74896589.78703703
35,73232824.0,8557.664,631144.8,794.4539,73864780.27099462,74180360.0,8612.798828125,596365.6875,772.247314453125,74776703.22222222
36,73105360.0,8550.199,631043.44,794.3906,73736922.37526685,74060248.0,8605.8271484375,596272.125,772.1864624023438,74656518.67592593
37,73008090.0,8544.492,631157.3,794.4494,73639483.88446204,73940496.0,8598.865234375,596465.25,772.3116455078125,74536951.89814815
38,72891384.0,8537.672,631137.5,794.445,73523002.81056611,73821080.0,8591.919921875,596432.9375,772.290771484375,74417503.25925925
39,72772936.0,8530.695,631161.8,794.4501,73403923.84742406,73701736.0,8584.9697265625,596414.875,772.2787475585938,74298118.46296297
40,72633280.0,8522.4,631121.75,794.4391,73262449.85066488,73582376.0,8578.017578125,596414.625,772.2788696289062,74178813.1111111
41,72520920.0,8515.912,631131.56,794.4443,73151878.1752617,73463448.0,8571.0810546875,596370.25,772.2501831054688,74059806.32407407
42,72411970.0,8509.514,631051.8,794.37415,73042851.56212865,73344848.0,8564.16015625,596295.6875,772.2017822265625,73941152.3611111
43,72287190.0,8502.2,630994.9,794.3478,72918420.73345508,73226312.0,8557.2373046875,596366.4375,772.2477416992188,73822673.74074075
44,72196216.0,8496.873,631076.75,794.41144,72827910.7848453,73108056.0,8550.3251953125,596372.375,772.25146484375,73704420.37962963
45,72068590.0,8489.263,631005.44,794.32916,72698547.9297307,72989816.0,8543.4052734375,596297.6875,772.2033081054688,73586099.30555555
46,71954620.0,8482.63,631011.4,794.36926,72586025.92093419,72871800.0,8536.4970703125,596274.25,772.1878051757812,73468071.17592593
47,71855040.0,8476.661,630912.8,794.3031,72484712.60289617,72754176.0,8529.6044921875,596218.1875,772.151611328125,73350376.14814815
48,71729700.0,8469.37,630956.7,794.3346,72361119.45605597,72636352.0,8522.6962890625,596327.25,772.2222290039062,73232686.00925925
49,71588360.0,8460.994,631027.25,794.3573,72219481.68852079,72518824.0,8515.7978515625,596306.4375,772.2091064453125,73115117.25
50,71494590.0,8455.423,631014.5,794.3632,72125242.76786955,72401544.0,8508.91015625,596299.0,772.2039794921875,72997851.05555555
51,71362936.0,8447.692,631040.0,794.38776,71994510.15406775,72284416.0,8502.025390625,596284.3125,772.1943359375,72880702.17592593
52,71253976.0,8441.218,631080.06,794.4113,71885216.29043958,72167352.0,8495.1376953125,596537.125,772.3580932617188,72763893.44444445
53,71123350.0,8433.4795,631038.5,794.38477,71754597.64242907,72050720.0,8488.2685546875,596290.1875,772.1981811523438,72647008.67592593
54,71024050.0,8427.582,630965.75,794.34247,71655112.0998997,71933960.0,8481.3876953125,596270.75,772.185791015625,72530217.1388889
55,70898130.0,8420.109,630969.1,794.34155,71529251.44072635,71817720.0,8474.5341796875,596244.8125,772.1689453125,72413989.30555555
56,70809464.0,8414.82,630941.94,794.32526,71440208.91288356,71701968.0,8467.7021484375,596231.0625,772.1599731445312,72298210.78703703
57,70668970.0,8406.459,631001.94,794.3652,71299589.25425036,71586088.0,8460.857421875,596507.9375,772.339111328125,72182594.18518518
58,70610820.0,8403.052,630982.1,794.3508,71242252.51709148,71470328.0,8454.013671875,596328.1875,772.2227783203125,72066679.42592593
59,70447624.0,8393.335,631004.1,794.3589,71079078.7884462,71354560.0,8447.162109375,596165.5625,772.117431640625,71950723.62037037
60,70338024.0,8386.814,631182.94,794.4784,70969873.16515343,71239024.0,8440.3212890625,596549.0625,772.3659057617188,71835558.5462963
61,70230664.0,8380.418,631162.5,794.4603,70862498.61765993,71123552.0,8433.4765625,596548.0625,772.3651123046875,71720076.53703703
62,70121870.0,8373.883,631114.1,794.4305,70753057.52936032,71008824.0,8426.673828125,596401.4375,772.2706298828125,71605224.50925925
63,70003950.0,8366.793,630941.2,794.32324,70634135.91810489,70893856.0,8419.8486328125,596271.0625,772.1859130859375,71490114.94444445
64,69886960.0,8359.833,630998.5,794.3541,70517802.71015202,70779136.0,8413.03515625,596300.9375,772.2053833007812,71375449.39814815
65,69757464.0,8352.158,630902.3,794.3019,70389475.10861905,70664696.0,8406.2275390625,596141.125,772.1016235351562,71260816.3888889
66,69669210.0,8346.818,630868.5,794.27875,70300200.47460069,70550640.0,8399.4423828125,596171.25,772.1212158203125,71146803.98148148
67,69542240.0,8339.241,630831.6,794.25446,70173781.0906659,70436272.0,8392.6328125,596131.6875,772.0955200195312,71032419.67592593
68,69432744.0,8332.603,630872.2,794.25134,70063040.88891175,70322496.0,8385.8515625,596422.3125,772.2837524414062,70918928.9074074
69,69280424.0,8323.43,630919.06,794.3104,69910398.9854163,70208424.0,8379.0478515625,596335.375,772.2274780273438,70804765.08333333
70,69230680.0,8320.558,630913.06,794.3098,69862626.32763189,70095256.0,8372.2900390625,596306.25,772.2086181640625,70691560.25
71,69078290.0,8311.382,630948.5,794.3219,69710008.73170607,69981472.0,8365.49609375,596232.5,772.1609497070312,70577721.89814815
72,68948700.0,8303.432,631175.44,794.3606,69578001.24077265,69868152.0,8358.7138671875,596429.3125,772.28857421875,70464536.57407407
73,68865850.0,8298.591,631016.94,794.36774,69497587.40728928,69755320.0,8351.96484375,596295.375,772.20166015625,70351594.3888889
74,68803290.0,8294.811,630962.25,794.34045,69434864.17346126,69642424.0,8345.203125,596296.5625,772.2025146484375,70238732.4675926
75,68667640.0,8286.585,630963.4,794.3335,69298458.1987191,69529648.0,8338.4443359375,596251.25,772.1729125976562,70125895.02314815
76,68575750.0,8281.099,630908.4,794.303,69207514.71354716,69417664.0,8331.7275390625,596332.3125,772.2255859375,70014002.31944445
77,68417030.0,8271.502,630998.9,794.3585,69048756.94014764,69305096.0,8324.96875,596448.9375,772.3009643554688,69901545.18518518
78,68333310.0,8266.377,631039.1,794.38916,68964055.08691067,69193280.0,8318.2490234375,596338.1875,772.2295532226562,69789599.91203703
79,68215544.0,8259.268,631007.44,794.3696,68846521.09899946,69080880.0,8311.4912109375,596254.9375,772.175537109375,69677154.27777778
80,68121600.0,8253.632,630935.2,794.32367,68753365.64201754,68969216.0,8304.7724609375,596261.625,772.1799926757812,69565477.72685185
81,67997010.0,8246.051,630914.9,794.30853,68628237.90694205,68857952.0,8298.0693359375,596244.5625,772.1688232421875,69454191.6388889
82,67900070.0,8240.213,630891.9,794.292,68531968.21775252,68746728.0,8291.3642578125,596222.5,772.1544799804688,69342958.8888889
83,67763480.0,8231.839,630928.3,794.31946,68394174.22289668,68635448.0,8284.650390625,596392.4375,772.264404296875,69231851.99537037
84,67647890.0,8224.85,630892.75,794.2928,68279057.1031148,68524272.0,8277.9384765625,596177.3125,772.125244140625,69120449.52777778
85,67552950.0,8219.047,631047.6,794.29376,68183639.93580082,68413240.0,8271.2275390625,596293.6875,772.2005615234375,69009520.18055555
86,67430060.0,8211.56,630975.94,794.348,68060712.92708145,68302672.0,8264.5419921875,596210.375,772.146484375,68898876.14814815
87,67361016.0,8207.422,630862.5,794.2777,67992624.80753106,68192000.0,8257.8447265625,596176.4375,772.1246948242188,68788188.14351852
88,67256040.0,8200.991,630767.8,794.2185,67887003.31572314,68082072.0,8251.18359375,596039.25,772.035888671875,68678079.81481482
89,67145250.0,8194.25,630820.56,794.2464,67776523.81491293,67972064.0,8244.5185546875,596064.3125,772.05224609375,68568149.56018518
90,67014084.0,8186.2,630763.06,794.21155,67644586.50212197,67861952.0,8237.8369140625,596070.0,772.0556640625,68458017.62037037
91,66927850.0,8180.9946,630777.1,794.2235,67559412.83819029,67752232.0,8231.173828125,596101.3125,772.0758666992188,68348315.75925925
92,66805990.0,8173.456,630881.3,794.28937,67436234.89122662,67642640.0,8224.51171875,596203.5,772.1421508789062,68238825.72685185
93,66661004.0,8164.6333,630836.56,794.2607,67292050.3669333,67532704.0,8217.828125,596259.6875,772.178466796875,68128966.83333333
94,66559056.0,8158.3936,630791.75,794.2301,67190181.55590421,67423848.0,8211.2021484375,596079.3125,772.0619506835938,68019929.2962963
95,66493748.0,8154.3286,630780.9,794.217,67123819.64361224,67314984.0,8204.5732421875,596049.125,772.0421142578125,67911041.20833333
96,66355268.0,8145.9287,630740.4,794.1995,66986873.01098279,67206240.0,8197.939453125,596193.5625,772.1357421875,67802440.01851852
97,66239616.0,8138.7964,630765.2,794.20557,66870777.92278608,67097520.0,8191.30615234375,595982.9375,771.999267578125,67693501.06018518
98,66150430.0,8133.2466,630703.56,794.1762,66780334.92497235,66988808.0,8184.66943359375,596241.125,772.1666259765625,67585056.52314815
99,66105864.0,8130.6006,630714.2,794.1738,66737346.642660566,66881160.0,8178.09130859375,596047.125,772.0410766601562,67477233.9537037
