epoch,loss,root_mean_squared_error,val_loss,val_root_mean_squared_error
0,1895821.2381756539,1376.8889,2364231.670355903,1537.605712890625
1,1581571.4303102253,1257.6052,2170931.145688657,1473.4078369140625
2,1528864.4595986104,1236.473,2065698.431423611,1437.2537841796875
3,1510710.815199883,1229.1097,2116479.2763310187,1454.8125
4,1502919.948112654,1225.937,2065333.5496238426,1437.126708984375
5,1489712.070032987,1220.5376,2021351.2081163195,1421.7423095703125
6,1490251.0304221108,1220.758,2035909.8985821758,1426.85302734375
7,1487287.0402587194,1219.5441,2093388.9097222222,1446.8548583984375
8,1479850.1965392628,1216.491,2050359.2719184028,1431.90771484375
9,1477783.554737937,1215.6407,2043628.12109375,1429.5550537109375
10,1473787.6820270906,1213.9963,2024220.4484953703,1422.7509765625
11,1462984.377796336,1209.5387,2064570.8863570602,1436.8614501953125
12,1468043.5979967494,1211.6279,2069234.0972222222,1438.483154296875
13,1462969.3716597087,1209.5327,2231739.339265046,1493.90087890625
14,1458064.2602441227,1207.5034,1997422.2275028934,1413.3018798828125
15,1457263.4348965702,1207.1721,2017912.941189236,1420.532470703125
16,1457734.5218823948,1207.3668,2089979.9168836805,1445.6761474609375
17,1457907.5243246676,1207.4384,2015650.230251736,1419.736083984375
18,1456305.6066972208,1206.7748,2028873.902560764,1424.3853759765625
19,1457145.1626617196,1207.1223,2064193.9220196758,1436.7303466796875
20,1458191.3764749286,1207.5558,2016051.8548177083,1419.87744140625
21,1455662.7690422528,1206.5084,2019378.3304398148,1421.04833984375
22,1453988.3244063312,1205.8142,2026068.0113570602,1423.39990234375
23,1451745.1999263742,1204.8835,2047521.3499710648,1430.9161376953125
24,1456952.5761690116,1207.043,2048117.6380931714,1431.1248779296875
25,1450001.2942309794,1204.1597,2040020.636935764,1428.29296875
26,1455010.2606435993,1206.238,2055553.328125,1433.72021484375
27,1441851.2749873807,1200.771,2082485.0243055555,1443.08203125
28,1445985.6863031778,1202.4908,2004065.0453559028,1415.64990234375
29,1447524.669583837,1203.132,2043851.668041088,1429.6329345703125
30,1448714.6746584757,1203.6256,2016915.784866898,1420.181640625
31,1442190.3985936334,1200.9122,2041424.1278211805,1428.7840576171875
32,1445390.24334554,1202.2437,2018013.4249855324,1420.568115234375
33,1446819.5324484298,1202.839,2032039.6942274305,1425.496337890625
34,1444273.777571922,1201.7789,2010171.7512297453,1417.8048095703125
35,1445042.4716600704,1202.0994,2065987.691189236,1437.3544921875
36,1436904.8883282107,1198.7098,2028551.6707899305,1424.2723388671875
37,1441260.645683965,1200.5249,2036052.777126736,1426.9033203125
38,1441416.4542028634,1200.5898,2036101.374710648,1426.9202880859375
39,1445044.1424274673,1202.0995,2029004.2194733797,1424.430908203125
40,1441135.6033197548,1200.4724,2016091.2270688657,1419.89111328125
41,1442497.2481625685,1201.0405,2106279.8811487267,1451.302734375
42,1443557.3294958395,1201.4816,2019968.6768663195,1421.256103515625
43,1438943.4246094453,1199.5598,2160327.0319010415,1469.804931640625
44,1439402.8626467695,1199.7515,2019632.2996961805,1421.137451171875
45,1433446.9143195073,1197.2661,2019962.2811053242,1421.2537841796875
46,1435217.7421382687,1198.0061,2003955.6656539352,1415.6114501953125
47,1434525.594832686,1197.717,2004456.6782407407,1415.7884521484375
48,1437883.568519477,1199.1177,2014945.0123697917,1419.487548828125
49,1438859.2931306104,1199.5245,2060455.8467881945,1435.4288330078125
50,1437265.00494081,1198.8595,2012995.0658275464,1418.8006591796875
51,1437688.5303091805,1199.0365,2014614.792896412,1419.3712158203125
52,1439937.6038799866,1199.9741,2029451.6433738426,1424.588134765625
53,1436265.304780939,1198.443,2018160.470486111,1420.619873046875
54,1437113.157497862,1198.7966,2021979.6255063657,1421.9635009765625
55,1433791.8609327176,1197.4111,2050786.2803819445,1432.056396484375
56,1436736.9420409314,1198.6389,2029518.131076389,1424.6114501953125
57,1434102.4338170993,1197.5393,2041657.6297019676,1428.8658447265625
58,1437638.9525969194,1199.0154,2017877.0342158566,1420.52001953125
59,1430862.1083670652,1196.1864,2009550.5892650464,1417.5860595703125
60,1431454.0056678252,1196.434,2016924.8328993055,1420.1849365234375
61,1436585.585672455,1198.5763,2006824.6535011574,1416.6240234375
62,1433909.8238115371,1197.4601,2084034.6979166667,1443.6187744140625
63,1431594.2741848105,1196.4927,1995809.3764467593,1412.731201171875
64,1430113.6205076969,1195.8733,2000500.6060474536,1414.3907470703125
65,1431993.7594387394,1196.6588,2035179.138744213,1426.59716796875
66,1431590.8078151927,1196.4918,2037840.1163917824,1427.5291748046875
67,1432386.2005738155,1196.8234,2044800.658420139,1429.96533203125
68,1431638.322832538,1196.5111,2012275.5147569445,1418.54736328125
69,1435200.5135263414,1197.9988,2016431.7651909722,1420.0111083984375
70,1430951.9333689942,1196.2242,1996449.0989583333,1412.95751953125
71,1432831.1409529406,1197.009,2018548.437572338,1420.7562255859375
72,1432329.5397523406,1196.7998,2019336.9194878472,1421.0335693359375
73,1434605.5929964602,1197.7505,2052329.2844328703,1432.5955810546875
74,1435177.8722615358,1197.9897,2035094.3802083333,1426.5672607421875
75,1429026.299388809,1195.4185,2036148.8036024305,1426.936767578125
76,1432877.2226386673,1197.0283,2027220.277054398,1423.8048095703125
77,1430692.212146178,1196.1155,2053552.5691550926,1433.02197265625
78,1432405.2897856974,1196.831,2022680.390335648,1422.2095947265625
79,1428262.9395110472,1195.0991,2005784.0559895833,1416.257080078125
80,1431809.4723243911,1196.5822,2000494.2623697917,1414.3883056640625
81,1433398.3171132712,1197.2466,2037065.6878616898,1427.2581787109375
82,1429404.3053998463,1195.5773,2055065.8471498843,1433.5501708984375
83,1428366.4222688503,1195.1425,2036400.1284722222,1427.0247802734375
84,1430053.1991177758,1195.8486,2020608.1456163195,1421.4810791015625
85,1431429.0356836275,1196.4232,2006738.5455005786,1416.59423828125
86,1430571.6109612517,1196.065,2035830.0614149305,1426.8251953125
87,1428873.0850350608,1195.3542,2030356.3585792824,1424.9058837890625
88,1429267.4836174413,1195.5193,2009331.6476417824,1417.5089111328125
89,1429679.9026719918,1195.693,2114567.7620081017,1454.1552734375
90,1428409.3831679698,1195.1613,2032669.6784577547,1425.71728515625
91,1431074.3588529476,1196.2753,2023183.1278211805,1422.3863525390625
92,1434060.6472091295,1197.522,2019018.722945602,1420.9215087890625
93,1426441.0082475436,1194.337,2024902.4518229167,1422.9908447265625
94,1430723.6691164414,1196.1287,2013320.9967447917,1418.915283203125
95,1428307.863587589,1195.1183,2014225.990306713,1419.234375
96,1427658.0605958551,1194.8466,2011858.3058449074,1418.39990234375
97,1430550.2206766505,1196.0563,2078423.7803096066,1441.673828125
98,1428760.0027368567,1195.3069,2025063.271773727,1423.0469970703125
99,1427663.6808310722,1194.8485,2000409.7345196758,1414.3582763671875
