epoch,loss,root_mean_squared_error,val_loss,val_root_mean_squared_error
0,2194450.951630379,1481.3672,2330191.5299479165,1526.496337890625
1,1858191.1625516023,1363.1549,2131948.278862847,1460.119384765625
2,1803826.93189929,1343.0657,2069019.775318287,1438.4088134765625
3,1786533.5060242997,1336.6135,2089057.1650028934,1445.357177734375
4,1776240.4893700648,1332.7566,2089763.8350694445,1445.6014404296875
5,1761977.6655086935,1327.3948,2005150.972366898,1416.03369140625
6,1760310.7966873182,1326.7671,2023122.8956886574,1422.365478515625
7,1756515.6793207773,1325.3356,2079896.3833912036,1442.1846923828125
8,1748719.785799773,1322.392,2026589.5400752316,1423.583251953125
9,1748200.179780537,1322.1952,2052250.9615162036,1432.5677490234375
10,1742510.8912684226,1320.0421,2000943.5222077547,1414.5469970703125
11,1733208.0413221149,1316.5135,2075082.7202690972,1440.514892578125
12,1736014.3077440585,1317.5793,2036706.8446903934,1427.1324462890625
13,1730409.4440632313,1315.4507,2165293.3092447915,1471.493408203125
14,1726623.77533421,1314.0106,1989307.9886429398,1410.4281005859375
15,1723560.5087860734,1312.8436,1991523.6061921297,1411.21337890625
16,1724668.9547482252,1313.2665,2059807.6644241898,1435.203125
17,1723993.9208256707,1313.0093,2009933.4039351852,1417.721435546875
18,1721246.4441986678,1311.9628,2024664.8311631945,1422.9071044921875
19,1723653.5342681783,1312.8794,2114162.017216435,1454.015625
20,1726365.881295976,1313.9128,2003310.800998264,1415.3834228515625
21,1721572.1000427608,1312.0868,2016903.4209346066,1420.17724609375
22,1719784.6265102949,1311.4056,2025575.691189236,1423.2274169921875
23,1718245.9997749429,1310.8187,2054368.4246238426,1433.3067626953125
24,1722124.6054553872,1312.2982,2055779.9044415508,1433.799072265625
25,1714420.608180991,1309.3585,2047142.8980034722,1430.7840576171875
26,1721409.1447929796,1312.0253,2014477.7684461805,1419.322998046875
27,1707427.2100933346,1306.6855,2074836.011429398,1440.4290771484375
28,1711322.2261985906,1308.1752,1997182.706958912,1413.2171630859375
29,1712916.6909481983,1308.7849,2025926.2627314816,1423.3505859375
30,1715059.2060230137,1309.6025,2011106.9189091434,1418.135009765625
31,1707155.8574157965,1306.5818,2063226.074508102,1436.3934326171875
32,1710468.623465592,1307.8492,2012536.1009114583,1418.6387939453125
33,1711375.7633635767,1308.196,2018927.519603588,1420.8895263671875
34,1708715.7238491538,1307.1797,2011363.7233796297,1418.225341796875
35,1710348.76373894,1307.8025,2056726.833912037,1434.1292724609375
36,1701293.566081625,1304.3363,2035311.3294270833,1426.643310546875
37,1705517.9547442063,1305.9548,2034024.2806712964,1426.1923828125
38,1706872.9567110457,1306.4729,2029292.8305844907,1424.5323486328125
39,1709948.3235941157,1307.6508,2027911.830005787,1424.04736328125
40,1705211.616681724,1305.8376,2010754.2526041667,1418.010498046875
41,1705803.3817276035,1306.064,2139056.577690972,1462.55126953125
42,1708248.7098096015,1307.0004,1988938.6715133102,1410.297119140625
43,1703055.9702040304,1305.0118,2148909.466941551,1465.9161376953125
44,1704368.5701037191,1305.5149,2019526.3880931714,1421.1002197265625
45,1697857.7219233068,1303.0183,1983061.003978588,1408.2119140625
46,1700983.5782700814,1304.2175,1998949.6957465278,1413.8421630859375
47,1699202.6171792613,1303.5353,2001997.798828125,1414.9197998046875
48,1701557.0658083414,1304.4377,2007301.8468605324,1416.792724609375
49,1703314.8734342447,1305.111,2039372.3875868055,1428.0660400390625
50,1701510.3426106477,1304.42,2011653.4092881945,1418.3277587890625
51,1701183.551829876,1304.2944,2010146.4733796297,1417.796630859375
52,1704211.9519245608,1305.4545,2027502.855758102,1423.904052734375
53,1699643.12912337,1303.7036,2004059.7620804398,1415.64794921875
54,1700298.0544132115,1303.9556,2028184.8932291667,1424.1431884765625
55,1697209.7009994148,1302.7703,2070919.015625,1439.0689697265625
56,1701637.7929437326,1304.4681,2020747.4266493055,1421.52978515625
57,1698259.447342235,1303.1726,2070392.109592014,1438.8857421875
58,1702085.4097769682,1304.6399,2011445.749710648,1418.2545166015625
59,1694847.3466701175,1301.8632,2008539.736545139,1417.2293701171875
60,1695741.8474658555,1302.2057,2015654.9788773148,1419.7376708984375
61,1701252.9561283083,1304.3213,1992371.5710358797,1411.513916015625
62,1697396.974834583,1302.8418,2093527.929615162,1446.9034423828125
63,1696394.5817367667,1302.4569,1985474.7179542824,1409.06884765625
64,1694453.1632926837,1301.7113,1988340.021556713,1410.0850830078125
65,1694894.86698314,1301.8806,2050718.2157118055,1432.0330810546875
66,1695184.6027824308,1301.9926,2061194.3119212964,1435.686279296875
67,1695701.0402944875,1302.1909,2066532.4703414352,1437.5440673828125
68,1694436.7187057924,1301.7059,1983838.2186053242,1408.4879150390625
69,1698657.4064051288,1303.3257,2004959.8933015047,1415.9658203125
70,1693944.339060772,1301.517,1988115.179976852,1410.005126953125
71,1694859.4774725751,1301.8687,2013781.9669415508,1419.077880859375
72,1694900.7138333034,1301.8835,2003887.8882378472,1415.587890625
73,1697581.3431600286,1302.9124,2067133.8963396992,1437.7530517578125
74,1698661.764115107,1303.3278,2042262.3707320602,1429.0772705078125
75,1692714.6654435878,1301.0441,2047707.9976128472,1430.9814453125
76,1695087.3143812374,1301.9556,2038495.9772858797,1427.7591552734375
77,1693704.3101674425,1301.4237,2029358.295211227,1424.555908203125
78,1696139.7519354923,1302.3589,2027244.8411458333,1423.8133544921875
79,1691408.0812143125,1300.5411,2003965.0009403934,1415.61474609375
80,1694065.3791993267,1301.5627,2007339.7808159722,1416.8057861328125
81,1697302.0382798233,1302.8054,2050060.8637152778,1431.802734375
82,1692621.5079573805,1301.0082,2054437.8429542824,1433.3310546875
83,1692072.9119953895,1300.7964,2049072.1976996528,1431.457763671875
84,1693859.2281790941,1301.4833,2016294.092086227,1419.962646484375
85,1695279.0368169514,1302.028,2008594.935257523,1417.2491455078125
86,1693184.6307429783,1301.224,2069192.0163483797,1438.4683837890625
87,1691733.4919895702,1300.6661,2014017.7350260417,1419.1610107421875
88,1692524.424076944,1300.9708,2003874.81640625,1415.5828857421875
89,1693034.159584464,1301.1666,2060786.943431713,1435.5443115234375
90,1691753.9675017362,1300.6753,2045010.5703125,1430.0386962890625
91,1693992.5592680175,1301.5338,2040780.7798032407,1428.5589599609375
92,1696447.9612258545,1302.4778,2042970.253833912,1429.324951171875
93,1689530.5663203464,1299.8196,2038333.5894820602,1427.701904296875
94,1694182.3889816804,1301.6075,2009808.6270978008,1417.6771240234375
95,1692606.702272194,1301.0018,2016892.716796875,1420.173583984375
96,1691261.2135696649,1300.4849,2022542.8254484953,1422.1612548828125
97,1694064.789941228,1301.5621,2125653.068287037,1457.962158203125
98,1692257.2441734292,1300.8678,2030046.6859085648,1424.7972412109375
99,1690629.8806167855,1300.242,2004066.8462094907,1415.6510009765625
