epoch,loss,root_mean_squared_error,val_loss,val_root_mean_squared_error
0,2249792.7808649912,1499.9323,2043883.0377604167,1429.64453125
1,1818433.1740994495,1348.4927,2197975.520109954,1482.5572509765625
2,1745587.63815781,1321.2065,2164108.9309172453,1471.09130859375
3,1718937.6128051132,1311.083,2195052.3268229165,1481.5711669921875
4,1686044.507446983,1298.4773,2228279.01526331,1492.7421875
5,1660130.1739949586,1288.4598,2177201.2001591437,1475.5343017578125
6,1661498.539668748,1288.9907,2225994.9326533563,1491.9766845703125
7,1640539.399251524,1280.8354,2370849.6358506945,1539.7562255859375
8,1617862.5327980723,1271.9521,2238275.2137586805,1496.086669921875
9,1616017.221513783,1271.2263,2201235.8837528937,1483.656494140625
10,1594126.3605770466,1262.587,2346844.130787037,1531.94140625
11,1582305.293601623,1257.8975,2307256.875434028,1518.9656982421875
12,1563307.160946462,1250.323,2521343.5462239585,1587.873779296875
13,1571099.9479876668,1253.4353,2783888.7045717593,1668.4989013671875
14,1538306.8109197768,1240.2853,2550309.689453125,1596.9688720703125
15,1539753.1800023792,1240.8676,2933035.638816551,1712.610595703125
16,1535812.5116965456,1239.2792,2459285.4643373843,1568.2110595703125
17,1528522.3440425743,1236.3345,2396017.1401186343,1547.9073486328125
18,1520423.6009449991,1233.0546,2535126.302734375,1592.2076416015625
19,1510815.7268006187,1229.1521,2800670.277271412,1673.5205078125
20,1506036.3117862472,1227.2063,2534666.3525028937,1592.0634765625
21,1496178.6363292201,1223.184,2777795.1809895835,1666.671875
22,1498305.9107414992,1224.0527,2656858.689380787,1629.9873046875
23,1484545.853007086,1218.4198,2780764.8213252313,1667.5626220703125
24,1487150.6116131137,1219.4874,2803864.630931713,1674.47412109375
25,1481000.7370937718,1216.9631,2766428.685329861,1663.25830078125
26,1477439.2014455104,1215.4996,3036103.426215278,1742.4417724609375
27,1466360.061758115,1210.9335,3153495.602141204,1775.80859375
28,1452448.1897127947,1205.1757,2799402.8996672453,1673.1416015625
29,1464357.0440364657,1210.1064,3770069.475043403,1941.6663818359375
30,1464173.1580552806,1210.0308,2915762.965277778,1707.5604248046875
31,1445976.97836557,1202.4878,3025260.2006655093,1739.3275146484375
32,1440195.1668791315,1200.081,3265905.2446469907,1807.1817626953125
33,1460068.3895933537,1208.3329,3303385.00426794,1817.521728515625
34,1431275.1863682836,1196.3586,3522175.0322627313,1876.7454833984375
35,1429184.3264993634,1195.485,3623535.9463252313,1903.5589599609375
36,1419663.6847920793,1191.4967,3255913.012297454,1804.4146728515625
37,1421999.6738534942,1192.4757,3598938.352141204,1897.086669921875
38,1421734.3685155385,1192.365,3312380.925925926,1819.994873046875
39,1418448.9167489198,1190.9862,3949333.4963831017,1987.2933349609375
40,1420267.7711135831,1191.7498,3490787.146267361,1868.3651123046875
41,1411816.8882787784,1188.1992,3951628.898220486,1987.870361328125
42,1417487.8294098356,1190.5833,3782664.6569010415,1944.9071044921875
43,1406253.0927814501,1185.8553,4098295.901909722,2024.425048828125
44,1404295.1504161952,1185.0297,3458846.4682436343,1859.79736328125
45,1397261.5652014904,1182.0581,3469650.7034143517,1862.69970703125
46,1408362.4515383465,1186.7449,3606472.6360677085,1899.071533203125
47,1400363.070333599,1183.3701,3727654.357566551,1930.7137451171875
48,1401143.016697639,1183.699,3682784.16442419,1919.0579833984375
49,1390223.4338271464,1179.0778,3902880.072193287,1975.570556640625
50,1383947.1956583245,1176.4131,3592449.9084924767,1895.3759765625
51,1381936.771497788,1175.5581,3695509.834346065,1922.370849609375
52,1406410.7275103526,1185.9222,3835630.8676938657,1958.47607421875
53,1386958.5181556882,1177.692,3710723.897858796,1926.3238525390625
54,1370763.010974755,1170.7958,3636802.2897135415,1907.0401611328125
55,1387404.8937496785,1177.8815,4008341.568431713,2002.084228515625
56,1380918.048592267,1175.1245,3265684.733217593,1807.1204833984375
57,1374535.2756115126,1172.4053,3954692.6846064813,1988.6409912109375
58,1375851.1543976986,1172.9664,3565951.509765625,1888.372802734375
59,1356625.3023515265,1164.7427,4138015.8505497687,2034.211669921875
60,1369013.7534610587,1170.0487,3794148.4438657407,1947.857421875
61,1371088.849479314,1170.9349,3863960.8813657407,1965.696044921875
62,1357824.1884556895,1165.2571,3977226.5970052085,1994.298828125
63,1365054.184639362,1168.3551,4057529.0674913195,2014.3311767578125
64,1352138.2151040728,1162.8152,3871759.6489438657,1967.67822265625
65,1351642.3867704931,1162.6014,4059167.019675926,2014.7376708984375
66,1360291.137415925,1166.3151,4005445.231047454,2001.3607177734375
67,1352235.1899872844,1162.8568,3990377.0944733797,1997.5928955078125
68,1350851.9909482787,1162.2609,3882937.212673611,1970.5169677734375
69,1349739.8106593534,1161.7827,3614920.544560185,1901.29443359375
70,1360542.3573715887,1166.4231,3828627.3581452547,1956.687255859375
71,1337079.1568255036,1156.322,3943028.700737847,1985.7060546875
72,1344454.942841894,1159.5065,4175399.589265046,2043.37939453125
73,1341492.7537689048,1158.2281,3606957.431423611,1899.19921875
74,1342323.6684127357,1158.5872,3991227.9407552085,1997.805908203125
75,1341926.350052406,1158.4159,4720861.849392361,2172.75439453125
76,1339421.9686547525,1157.3334,3974527.615813079,1993.6221923828125
77,1330505.390442543,1153.4755,4217809.153211806,2053.730712890625
78,1332031.7085123074,1154.1378,4240609.890335648,2059.27392578125
79,1335425.7301748695,1155.6057,3907569.1911168983,1976.757568359375
80,1336064.5805929936,1155.8826,3717949.9521846063,1928.19873046875
81,1338043.380908556,1156.738,4122565.991970486,2030.41015625
82,1337840.8735712885,1156.6511,4271537.629195602,2066.769775390625
83,1315141.5344490279,1146.7968,4102813.6942997687,2025.5401611328125
84,1332981.4264046787,1154.5483,4021725.402560764,2005.4241943359375
85,1338242.832043809,1156.8247,4183252.752531829,2045.3004150390625
86,1322561.557111085,1150.0267,4011885.9720052085,2002.96923828125
87,1318643.1117899443,1148.3218,4384084.352141203,2093.820556640625
88,1320626.4076566077,1149.1857,4007545.222077546,2001.885498046875
89,1322054.0883643,1149.8063,4120022.87854456,2029.7841796875
90,1327758.938536067,1152.2838,3884653.678096065,1970.9525146484375
91,1322973.5475553963,1150.206,4041058.9993489585,2010.2386474609375
92,1326505.3679323993,1151.74,4436822.198423033,2106.376220703125
93,1309263.732675416,1144.2308,3962265.2060908563,1990.544189453125
94,1312003.748035572,1145.4277,3777671.740668403,1943.6226806640625
95,1309536.068784723,1144.3495,4158269.819878472,2039.1834716796875
96,1308941.8937737918,1144.0901,4020076.8098234953,2005.012939453125
97,1307077.8509204842,1143.2753,4606248.540653936,2146.21728515625
98,1316853.2860774775,1147.5432,4619230.18822338,2149.23974609375
99,1324328.7089817126,1150.7947,4384757.777922453,2093.981689453125
